<?xml version="1.0" encoding="UTF-8"?>
<coverage generated="1488780373">
  <project timestamp="1488780373">
    <package name="Icecave\Overpass\Amqp">
      <file name="/home/travis/build/IcecaveStudios/overpass/src/Amqp/ChannelDispatcher.php">
        <class name="ChannelDispatcher" namespace="Icecave\Overpass\Amqp">
          <metrics methods="2" coveredmethods="2" conditionals="0" coveredconditionals="0" statements="12" coveredstatements="12" elements="14" coveredelements="14"/>
        </class>
        <line num="19" type="method" name="__construct" crap="1" count="4"/>
        <line num="21" type="stmt" count="4"/>
        <line num="22" type="stmt" count="4"/>
        <line num="24" type="method" name="wait" crap="4" count="4"/>
        <line num="29" type="stmt" count="4"/>
        <line num="30" type="stmt" count="4"/>
        <line num="31" type="stmt" count="4"/>
        <line num="32" type="stmt" count="4"/>
        <line num="34" type="stmt" count="3"/>
        <line num="35" type="stmt" count="2"/>
        <line num="36" type="stmt" count="1"/>
        <line num="38" type="stmt" count="1"/>
        <line num="42" type="stmt" count="3"/>
        <line num="43" type="stmt" count="3"/>
        <metrics loc="46" ncloc="34" classes="1" methods="2" coveredmethods="2" conditionals="0" coveredconditionals="0" statements="12" coveredstatements="12" elements="14" coveredelements="14"/>
      </file>
    </package>
    <package name="Icecave\Overpass\Amqp\JobQueue">
      <file name="/home/travis/build/IcecaveStudios/overpass/src/Amqp/JobQueue/AmqpQueue.php">
        <class name="AmqpQueue" namespace="Icecave\Overpass\Amqp\JobQueue">
          <metrics methods="3" coveredmethods="3" conditionals="0" coveredconditionals="0" statements="22" coveredstatements="22" elements="25" coveredelements="25"/>
        </class>
        <line num="23" type="method" name="__construct" crap="3" count="3"/>
        <line num="28" type="stmt" count="3"/>
        <line num="29" type="stmt" count="3"/>
        <line num="30" type="stmt" count="3"/>
        <line num="31" type="stmt" count="3"/>
        <line num="39" type="method" name="enqueue" crap="2" count="3"/>
        <line num="41" type="stmt" count="3"/>
        <line num="43" type="stmt" count="3"/>
        <line num="44" type="stmt" count="1"/>
        <line num="45" type="stmt" count="1"/>
        <line num="47" type="stmt" count="1"/>
        <line num="52" type="stmt" count="3"/>
        <line num="53" type="stmt" count="3"/>
        <line num="60" type="method" name="send" crap="1" count="3"/>
        <line num="63" type="stmt" count="3"/>
        <line num="64" type="stmt" count="3"/>
        <line num="67" type="stmt" count="3"/>
        <line num="68" type="stmt" count="3"/>
        <line num="71" type="stmt" count="3"/>
        <line num="72" type="stmt" count="3"/>
        <line num="75" type="stmt" count="3"/>
        <line num="76" type="stmt" count="3"/>
        <line num="77" type="stmt" count="3"/>
        <line num="79" type="stmt" count="3"/>
        <line num="81" type="stmt" count="3"/>
        <metrics loc="86" ncloc="70" classes="1" methods="3" coveredmethods="3" conditionals="0" coveredconditionals="0" statements="22" coveredstatements="22" elements="25" coveredelements="25"/>
      </file>
      <file name="/home/travis/build/IcecaveStudios/overpass/src/Amqp/JobQueue/AmqpWorker.php">
        <class name="AmqpWorker" namespace="Icecave\Overpass\Amqp\JobQueue">
          <metrics methods="10" coveredmethods="10" conditionals="0" coveredconditionals="0" statements="117" coveredstatements="117" elements="127" coveredelements="127"/>
        </class>
        <line num="37" type="method" name="__construct" crap="4" count="14"/>
        <line num="45" type="stmt" count="14"/>
        <line num="46" type="stmt" count="14"/>
        <line num="47" type="stmt" count="14"/>
        <line num="48" type="stmt" count="14"/>
        <line num="49" type="stmt" count="14"/>
        <line num="50" type="stmt" count="14"/>
        <line num="51" type="stmt" count="14"/>
        <line num="53" type="stmt" count="14"/>
        <line num="54" type="stmt" count="14"/>
        <line num="64" type="method" name="register" crap="2" count="13"/>
        <line num="66" type="stmt" count="13"/>
        <line num="67" type="stmt" count="1"/>
        <line num="68" type="stmt" count="1"/>
        <line num="72" type="stmt" count="13"/>
        <line num="73" type="stmt" count="13"/>
        <line num="81" type="method" name="registerObject" crap="5" count="2"/>
        <line num="83" type="stmt" count="2"/>
        <line num="85" type="stmt" count="2"/>
        <line num="86" type="stmt" count="2"/>
        <line num="87" type="stmt" count="2"/>
        <line num="88" type="stmt" count="2"/>
        <line num="89" type="stmt" count="2"/>
        <line num="90" type="stmt" count="2"/>
        <line num="91" type="stmt" count="2"/>
        <line num="94" type="stmt" count="2"/>
        <line num="96" type="stmt" count="2"/>
        <line num="98" type="stmt" count="2"/>
        <line num="101" type="stmt" count="2"/>
        <line num="106" type="method" name="run" crap="7" count="12"/>
        <line num="108" type="stmt" count="12"/>
        <line num="111" type="stmt" count="12"/>
        <line num="112" type="stmt" count="11"/>
        <line num="114" type="stmt" count="11"/>
        <line num="115" type="stmt" count="11"/>
        <line num="116" type="stmt" count="11"/>
        <line num="120" type="stmt" count="12"/>
        <line num="121" type="stmt" count="11"/>
        <line num="123" type="stmt" count="1"/>
        <line num="126" type="stmt" count="12"/>
        <line num="127" type="stmt" count="11"/>
        <line num="129" type="stmt" count="10"/>
        <line num="130" type="stmt" count="2"/>
        <line num="131" type="stmt" count="2"/>
        <line num="136" type="stmt" count="11"/>
        <line num="137" type="stmt" count="1"/>
        <line num="138" type="stmt" count="1"/>
        <line num="141" type="stmt" count="10"/>
        <line num="142" type="stmt" count="10"/>
        <line num="147" type="method" name="stop" crap="2" count="1"/>
        <line num="149" type="stmt" count="1"/>
        <line num="150" type="stmt" count="1"/>
        <line num="152" type="stmt" count="1"/>
        <line num="154" type="stmt" count="1"/>
        <line num="161" type="method" name="recv" crap="7" count="8"/>
        <line num="163" type="stmt" count="8"/>
        <line num="165" type="stmt" count="8"/>
        <line num="169" type="stmt" count="8"/>
        <line num="170" type="stmt" count="8"/>
        <line num="173" type="stmt" count="8"/>
        <line num="175" type="stmt" count="7"/>
        <line num="176" type="stmt" count="7"/>
        <line num="178" type="stmt" count="7"/>
        <line num="179" type="stmt" count="7"/>
        <line num="183" type="stmt" count="7"/>
        <line num="184" type="stmt" count="7"/>
        <line num="185" type="stmt" count="7"/>
        <line num="188" type="stmt" count="1"/>
        <line num="189" type="stmt" count="1"/>
        <line num="190" type="stmt" count="7"/>
        <line num="191" type="stmt" count="1"/>
        <line num="192" type="stmt" count="1"/>
        <line num="193" type="stmt" count="1"/>
        <line num="194" type="stmt" count="1"/>
        <line num="198" type="stmt" count="1"/>
        <line num="199" type="stmt" count="1"/>
        <line num="200" type="stmt" count="6"/>
        <line num="201" type="stmt" count="1"/>
        <line num="202" type="stmt" count="1"/>
        <line num="203" type="stmt" count="5"/>
        <line num="204" type="stmt" count="1"/>
        <line num="205" type="stmt" count="1"/>
        <line num="206" type="stmt" count="4"/>
        <line num="207" type="stmt" count="4"/>
        <line num="209" type="stmt" count="2"/>
        <line num="210" type="stmt" count="2"/>
        <line num="211" type="stmt" count="1"/>
        <line num="212" type="stmt" count="1"/>
        <line num="213" type="stmt" count="1"/>
        <line num="217" type="stmt" count="4"/>
        <line num="218" type="stmt" count="4"/>
        <line num="219" type="stmt" count="4"/>
        <line num="221" type="stmt" count="4"/>
        <line num="226" type="stmt" count="8"/>
        <line num="227" type="stmt" count="8"/>
        <line num="231" type="stmt" count="8"/>
        <line num="232" type="stmt" count="8"/>
        <line num="237" type="method" name="handleFailure" crap="3" count="7"/>
        <line num="243" type="stmt" count="7"/>
        <line num="244" type="stmt" count="7"/>
        <line num="246" type="stmt" count="7"/>
        <line num="247" type="stmt" count="2"/>
        <line num="249" type="stmt" count="2"/>
        <line num="253" type="stmt" count="5"/>
        <line num="254" type="stmt" count="3"/>
        <line num="257" type="stmt" count="5"/>
        <line num="259" type="stmt" count="5"/>
        <line num="262" type="method" name="bind" crap="1" count="11"/>
        <line num="265" type="stmt" count="11"/>
        <line num="266" type="stmt" count="11"/>
        <line num="268" type="stmt" count="11"/>
        <line num="269" type="stmt" count="11"/>
        <line num="270" type="stmt" count="11"/>
        <line num="272" type="stmt" count="11"/>
        <line num="273" type="stmt" count="11"/>
        <line num="274" type="stmt" count="11"/>
        <line num="275" type="stmt" count="11"/>
        <line num="276" type="stmt" count="11"/>
        <line num="277" type="method" name="anonymous function" crap="1" count="11"/>
        <line num="278" type="stmt" count="8"/>
        <line num="279" type="stmt" count="11"/>
        <line num="281" type="stmt" count="11"/>
        <line num="283" type="method" name="unbind" crap="1" count="2"/>
        <line num="286" type="stmt" count="2"/>
        <line num="287" type="stmt" count="2"/>
        <line num="288" type="stmt" count="2"/>
        <line num="291" type="stmt" count="2"/>
        <line num="292" type="stmt" count="2"/>
        <metrics loc="303" ncloc="249" classes="1" methods="10" coveredmethods="10" conditionals="0" coveredconditionals="0" statements="118" coveredstatements="118" elements="128" coveredelements="128"/>
      </file>
      <file name="/home/travis/build/IcecaveStudios/overpass/src/Amqp/JobQueue/DeclarationManager.php">
        <class name="DeclarationManager" namespace="Icecave\Overpass\Amqp\JobQueue">
          <metrics methods="3" coveredmethods="3" conditionals="0" coveredconditionals="0" statements="28" coveredstatements="28" elements="31" coveredelements="31"/>
        </class>
        <line num="12" type="method" name="__construct" crap="1" count="2"/>
        <line num="14" type="stmt" count="2"/>
        <line num="15" type="stmt" count="2"/>
        <line num="16" type="stmt" count="2"/>
        <line num="21" type="method" name="exchange" crap="2" count="2"/>
        <line num="23" type="stmt" count="2"/>
        <line num="24" type="stmt" count="1"/>
        <line num="27" type="stmt" count="2"/>
        <line num="30" type="stmt" count="2"/>
        <line num="31" type="stmt" count="2"/>
        <line num="33" type="stmt" count="2"/>
        <line num="34" type="stmt" count="2"/>
        <line num="35" type="stmt" count="2"/>
        <line num="36" type="stmt" count="2"/>
        <line num="39" type="stmt" count="2"/>
        <line num="41" type="stmt" count="2"/>
        <line num="49" type="method" name="jobQueue" crap="2" count="2"/>
        <line num="51" type="stmt" count="2"/>
        <line num="52" type="stmt" count="1"/>
        <line num="56" type="stmt" count="2"/>
        <line num="57" type="stmt" count="2"/>
        <line num="58" type="stmt" count="2"/>
        <line num="59" type="stmt" count="2"/>
        <line num="60" type="stmt" count="2"/>
        <line num="61" type="stmt" count="2"/>
        <line num="62" type="stmt" count="2"/>
        <line num="66" type="stmt" count="2"/>
        <line num="67" type="stmt" count="2"/>
        <line num="69" type="stmt" count="2"/>
        <line num="73" type="stmt" count="2"/>
        <line num="74" type="stmt" count="2"/>
        <metrics loc="78" ncloc="53" classes="1" methods="3" coveredmethods="3" conditionals="0" coveredconditionals="0" statements="28" coveredstatements="28" elements="31" coveredelements="31"/>
      </file>
    </package>
    <package name="Icecave\Overpass\Amqp\PubSub">
      <file name="/home/travis/build/IcecaveStudios/overpass/src/Amqp/PubSub/AmqpPublisher.php">
        <class name="AmqpPublisher" namespace="Icecave\Overpass\Amqp\PubSub">
          <metrics methods="2" coveredmethods="2" conditionals="0" coveredconditionals="0" statements="17" coveredstatements="17" elements="19" coveredelements="19"/>
        </class>
        <line num="20" type="method" name="__construct" crap="3" count="2"/>
        <line num="25" type="stmt" count="2"/>
        <line num="26" type="stmt" count="2"/>
        <line num="27" type="stmt" count="2"/>
        <line num="28" type="stmt" count="2"/>
        <line num="36" type="method" name="publish" crap="2" count="2"/>
        <line num="38" type="stmt" count="2"/>
        <line num="40" type="stmt" count="2"/>
        <line num="41" type="stmt" count="2"/>
        <line num="45" type="stmt" count="2"/>
        <line num="46" type="stmt" count="2"/>
        <line num="49" type="stmt" count="2"/>
        <line num="50" type="stmt" count="2"/>
        <line num="56" type="stmt" count="2"/>
        <line num="57" type="stmt" count="1"/>
        <line num="58" type="stmt" count="1"/>
        <line num="60" type="stmt" count="1"/>
        <line num="61" type="stmt" count="1"/>
        <line num="65" type="stmt" count="2"/>
        <metrics loc="70" ncloc="59" classes="1" methods="2" coveredmethods="2" conditionals="0" coveredconditionals="0" statements="17" coveredstatements="17" elements="19" coveredelements="19"/>
      </file>
      <file name="/home/travis/build/IcecaveStudios/overpass/src/Amqp/PubSub/AmqpSubscriber.php">
        <class name="AmqpSubscriber" namespace="Icecave\Overpass\Amqp\PubSub">
          <metrics methods="7" coveredmethods="7" conditionals="0" coveredconditionals="0" statements="71" coveredstatements="71" elements="78" coveredelements="78"/>
        </class>
        <line num="22" type="method" name="__construct" crap="4" count="14"/>
        <line num="28" type="stmt" count="14"/>
        <line num="29" type="stmt" count="14"/>
        <line num="30" type="stmt" count="14"/>
        <line num="31" type="stmt" count="14"/>
        <line num="32" type="stmt" count="14"/>
        <line num="39" type="method" name="subscribe" crap="3" count="12"/>
        <line num="41" type="stmt" count="12"/>
        <line num="43" type="stmt" count="12"/>
        <line num="44" type="stmt" count="1"/>
        <line num="48" type="stmt" count="12"/>
        <line num="49" type="stmt" count="12"/>
        <line num="52" type="stmt" count="12"/>
        <line num="53" type="stmt" count="12"/>
        <line num="56" type="stmt" count="12"/>
        <line num="57" type="stmt" count="12"/>
        <line num="63" type="stmt" count="12"/>
        <line num="65" type="stmt" count="12"/>
        <line num="66" type="stmt" count="3"/>
        <line num="67" type="stmt" count="3"/>
        <line num="69" type="stmt" count="3"/>
        <line num="73" type="stmt" count="12"/>
        <line num="80" type="method" name="unsubscribe" crap="3" count="5"/>
        <line num="82" type="stmt" count="5"/>
        <line num="84" type="stmt" count="5"/>
        <line num="85" type="stmt" count="2"/>
        <line num="89" type="stmt" count="4"/>
        <line num="90" type="stmt" count="4"/>
        <line num="93" type="stmt" count="4"/>
        <line num="94" type="stmt" count="4"/>
        <line num="97" type="stmt" count="4"/>
        <line num="98" type="stmt" count="4"/>
        <line num="99" type="stmt" count="4"/>
        <line num="100" type="stmt" count="4"/>
        <line num="104" type="stmt" count="4"/>
        <line num="106" type="stmt" count="4"/>
        <line num="107" type="stmt" count="1"/>
        <line num="108" type="stmt" count="1"/>
        <line num="110" type="stmt" count="1"/>
        <line num="114" type="stmt" count="4"/>
        <line num="128" type="method" name="consume" crap="3" count="4"/>
        <line num="130" type="stmt" count="4"/>
        <line num="131" type="stmt" count="1"/>
        <line num="134" type="stmt" count="3"/>
        <line num="136" type="stmt" count="3"/>
        <line num="137" type="stmt" count="3"/>
        <line num="138" type="stmt" count="3"/>
        <line num="139" type="stmt" count="3"/>
        <line num="140" type="stmt" count="3"/>
        <line num="141" type="stmt" count="3"/>
        <line num="142" type="stmt" count="3"/>
        <line num="143" type="stmt" count="3"/>
        <line num="144" type="stmt" count="3"/>
        <line num="145" type="method" name="anonymous function" crap="1" count="3"/>
        <line num="146" type="stmt" count="3"/>
        <line num="147" type="stmt" count="3"/>
        <line num="150" type="stmt" count="3"/>
        <line num="151" type="stmt" count="3"/>
        <line num="153" type="stmt" count="3"/>
        <line num="162" type="method" name="normalizeTopic" crap="1" count="13"/>
        <line num="164" type="stmt" count="13"/>
        <line num="167" type="stmt" count="13"/>
        <line num="178" type="method" name="dispatch" crap="3" count="3"/>
        <line num="181" type="stmt" count="3"/>
        <line num="182" type="stmt" count="3"/>
        <line num="184" type="stmt" count="3"/>
        <line num="186" type="stmt" count="3"/>
        <line num="187" type="stmt" count="1"/>
        <line num="188" type="stmt" count="1"/>
        <line num="190" type="stmt" count="1"/>
        <line num="191" type="stmt" count="1"/>
        <line num="196" type="stmt" count="3"/>
        <line num="198" type="stmt" count="3"/>
        <line num="203" type="stmt" count="3"/>
        <line num="204" type="stmt" count="1"/>
        <line num="208" type="stmt" count="2"/>
        <line num="209" type="stmt" count="2"/>
        <line num="210" type="stmt" count="2"/>
        <line num="213" type="stmt" count="2"/>
        <line num="214" type="stmt" count="2"/>
        <line num="215" type="stmt" count="2"/>
        <metrics loc="224" ncloc="174" classes="1" methods="7" coveredmethods="7" conditionals="0" coveredconditionals="0" statements="74" coveredstatements="74" elements="81" coveredelements="81"/>
      </file>
      <file name="/home/travis/build/IcecaveStudios/overpass/src/Amqp/PubSub/DeclarationManager.php">
        <class name="DeclarationManager" namespace="Icecave\Overpass\Amqp\PubSub">
          <metrics methods="3" coveredmethods="3" conditionals="0" coveredconditionals="0" statements="20" coveredstatements="20" elements="23" coveredelements="23"/>
        </class>
        <line num="11" type="method" name="__construct" crap="1" count="4"/>
        <line num="13" type="stmt" count="4"/>
        <line num="14" type="stmt" count="4"/>
        <line num="19" type="method" name="exchange" crap="2" count="2"/>
        <line num="21" type="stmt" count="2"/>
        <line num="22" type="stmt" count="1"/>
        <line num="25" type="stmt" count="2"/>
        <line num="27" type="stmt" count="2"/>
        <line num="29" type="stmt" count="2"/>
        <line num="30" type="stmt" count="2"/>
        <line num="31" type="stmt" count="2"/>
        <line num="32" type="stmt" count="2"/>
        <line num="35" type="stmt" count="2"/>
        <line num="37" type="stmt" count="2"/>
        <line num="43" type="method" name="queue" crap="2" count="2"/>
        <line num="45" type="stmt" count="2"/>
        <line num="46" type="stmt" count="1"/>
        <line num="49" type="stmt" count="2"/>
        <line num="50" type="stmt" count="2"/>
        <line num="51" type="stmt" count="2"/>
        <line num="52" type="stmt" count="2"/>
        <line num="53" type="stmt" count="2"/>
        <line num="56" type="stmt" count="2"/>
        <metrics loc="61" ncloc="38" classes="1" methods="3" coveredmethods="3" conditionals="0" coveredconditionals="0" statements="20" coveredstatements="20" elements="23" coveredelements="23"/>
      </file>
    </package>
    <package name="Icecave\Overpass\Amqp\Rpc">
      <file name="/home/travis/build/IcecaveStudios/overpass/src/Amqp/Rpc/AmqpRpcClient.php">
        <class name="AmqpRpcClient" namespace="Icecave\Overpass\Amqp\Rpc">
          <metrics methods="11" coveredmethods="11" conditionals="0" coveredconditionals="0" statements="99" coveredstatements="99" elements="110" coveredelements="110"/>
        </class>
        <line num="30" type="method" name="__construct" crap="3" count="11"/>
        <line num="36" type="stmt" count="11"/>
        <line num="37" type="stmt" count="11"/>
        <line num="38" type="stmt" count="11"/>
        <line num="39" type="stmt" count="11"/>
        <line num="41" type="stmt" count="11"/>
        <line num="42" type="stmt" count="11"/>
        <line num="52" type="method" name="invoke" crap="1" count="8"/>
        <line num="54" type="stmt" count="8"/>
        <line num="56" type="stmt" count="8"/>
        <line num="68" type="method" name="invokeArray" crap="5" count="9"/>
        <line num="70" type="stmt" count="9"/>
        <line num="72" type="stmt" count="9"/>
        <line num="74" type="stmt" count="9"/>
        <line num="75" type="stmt" count="9"/>
        <line num="77" type="stmt" count="9"/>
        <line num="78" type="stmt" count="2"/>
        <line num="79" type="stmt" count="2"/>
        <line num="81" type="stmt" count="2"/>
        <line num="82" type="stmt" count="2"/>
        <line num="83" type="stmt" count="2"/>
        <line num="88" type="stmt" count="9"/>
        <line num="90" type="stmt" count="9"/>
        <line num="92" type="stmt" count="8"/>
        <line num="93" type="stmt" count="3"/>
        <line num="94" type="stmt" count="1"/>
        <line num="95" type="stmt" count="1"/>
        <line num="97" type="stmt" count="1"/>
        <line num="98" type="stmt" count="1"/>
        <line num="99" type="stmt" count="1"/>
        <line num="104" type="stmt" count="3"/>
        <line num="107" type="stmt" count="5"/>
        <line num="108" type="stmt" count="1"/>
        <line num="109" type="stmt" count="1"/>
        <line num="111" type="stmt" count="1"/>
        <line num="112" type="stmt" count="1"/>
        <line num="113" type="stmt" count="1"/>
        <line num="118" type="stmt" count="5"/>
        <line num="129" type="method" name="__call" crap="1" count="1"/>
        <line num="131" type="stmt" count="1"/>
        <line num="139" type="method" name="timeout" crap="1" count="1"/>
        <line num="141" type="stmt" count="1"/>
        <line num="149" type="method" name="setTimeout" crap="3" count="11"/>
        <line num="151" type="stmt" count="11"/>
        <line num="152" type="stmt" count="1"/>
        <line num="155" type="stmt" count="11"/>
        <line num="156" type="stmt" count="11"/>
        <line num="161" type="method" name="initialize" crap="2" count="9"/>
        <line num="163" type="stmt" count="9"/>
        <line num="164" type="stmt" count="1"/>
        <line num="168" type="stmt" count="9"/>
        <line num="169" type="stmt" count="9"/>
        <line num="171" type="stmt" count="9"/>
        <line num="172" type="stmt" count="9"/>
        <line num="173" type="stmt" count="9"/>
        <line num="175" type="stmt" count="9"/>
        <line num="176" type="stmt" count="9"/>
        <line num="177" type="stmt" count="9"/>
        <line num="178" type="stmt" count="9"/>
        <line num="179" type="stmt" count="9"/>
        <line num="180" type="method" name="anonymous function" crap="1" count="9"/>
        <line num="181" type="stmt" count="6"/>
        <line num="182" type="stmt" count="9"/>
        <line num="184" type="stmt" count="9"/>
        <line num="191" type="method" name="send" crap="1" count="9"/>
        <line num="194" type="stmt" count="9"/>
        <line num="195" type="stmt" count="9"/>
        <line num="198" type="stmt" count="9"/>
        <line num="199" type="stmt" count="9"/>
        <line num="202" type="stmt" count="9"/>
        <line num="203" type="stmt" count="9"/>
        <line num="206" type="stmt" count="9"/>
        <line num="207" type="stmt" count="9"/>
        <line num="209" type="stmt" count="9"/>
        <line num="212" type="stmt" count="9"/>
        <line num="213" type="stmt" count="9"/>
        <line num="214" type="stmt" count="9"/>
        <line num="215" type="stmt" count="9"/>
        <line num="221" type="stmt" count="9"/>
        <line num="222" type="stmt" count="9"/>
        <line num="225" type="stmt" count="9"/>
        <line num="227" type="stmt" count="9"/>
        <line num="234" type="method" name="recv" crap="3" count="6"/>
        <line num="236" type="stmt" count="6"/>
        <line num="238" type="stmt" count="6"/>
        <line num="239" type="stmt" count="1"/>
        <line num="240" type="stmt" count="6"/>
        <line num="241" type="stmt" count="1"/>
        <line num="242" type="stmt" count="1"/>
        <line num="246" type="stmt" count="5"/>
        <line num="247" type="stmt" count="5"/>
        <line num="248" type="stmt" count="5"/>
        <line num="249" type="stmt" count="5"/>
        <line num="256" type="method" name="wait" crap="4" count="9"/>
        <line num="258" type="stmt" count="9"/>
        <line num="259" type="stmt" count="9"/>
        <line num="260" type="stmt" count="9"/>
        <line num="262" type="stmt" count="9"/>
        <line num="265" type="stmt" count="9"/>
        <line num="266" type="stmt" count="9"/>
        <line num="267" type="stmt" count="9"/>
        <line num="268" type="stmt" count="9"/>
        <line num="269" type="stmt" count="9"/>
        <line num="271" type="stmt" count="3"/>
        <line num="272" type="stmt" count="2"/>
        <line num="275" type="stmt" count="6"/>
        <line num="277" type="stmt" count="6"/>
        <line num="278" type="stmt" count="1"/>
        <line num="283" type="stmt" count="5"/>
        <line num="284" type="stmt" count="5"/>
        <line num="286" type="stmt" count="5"/>
        <metrics loc="296" ncloc="222" classes="1" methods="11" coveredmethods="11" conditionals="0" coveredconditionals="0" statements="100" coveredstatements="100" elements="111" coveredelements="111"/>
      </file>
      <file name="/home/travis/build/IcecaveStudios/overpass/src/Amqp/Rpc/AmqpRpcServer.php">
        <class name="AmqpRpcServer" namespace="Icecave\Overpass\Amqp\Rpc">
          <metrics methods="10" coveredmethods="10" conditionals="0" coveredconditionals="0" statements="137" coveredstatements="137" elements="147" coveredelements="147"/>
        </class>
        <line num="41" type="method" name="__construct" crap="5" count="15"/>
        <line num="50" type="stmt" count="15"/>
        <line num="51" type="stmt" count="15"/>
        <line num="52" type="stmt" count="15"/>
        <line num="53" type="stmt" count="15"/>
        <line num="54" type="stmt" count="15"/>
        <line num="55" type="stmt" count="15"/>
        <line num="56" type="stmt" count="15"/>
        <line num="57" type="stmt" count="15"/>
        <line num="59" type="stmt" count="15"/>
        <line num="60" type="stmt" count="15"/>
        <line num="70" type="method" name="expose" crap="2" count="14"/>
        <line num="72" type="stmt" count="14"/>
        <line num="73" type="stmt" count="1"/>
        <line num="74" type="stmt" count="1"/>
        <line num="78" type="stmt" count="14"/>
        <line num="79" type="stmt" count="14"/>
        <line num="87" type="method" name="exposeObject" crap="5" count="2"/>
        <line num="89" type="stmt" count="2"/>
        <line num="91" type="stmt" count="2"/>
        <line num="92" type="stmt" count="2"/>
        <line num="93" type="stmt" count="2"/>
        <line num="94" type="stmt" count="2"/>
        <line num="95" type="stmt" count="2"/>
        <line num="96" type="stmt" count="2"/>
        <line num="97" type="stmt" count="2"/>
        <line num="100" type="stmt" count="2"/>
        <line num="102" type="stmt" count="2"/>
        <line num="104" type="stmt" count="2"/>
        <line num="107" type="stmt" count="2"/>
        <line num="112" type="method" name="run" crap="7" count="13"/>
        <line num="114" type="stmt" count="13"/>
        <line num="116" type="stmt" count="13"/>
        <line num="117" type="stmt" count="12"/>
        <line num="118" type="stmt" count="12"/>
        <line num="119" type="stmt" count="12"/>
        <line num="120" type="stmt" count="12"/>
        <line num="124" type="stmt" count="12"/>
        <line num="125" type="stmt" count="12"/>
        <line num="127" type="stmt" count="12"/>
        <line num="128" type="stmt" count="12"/>
        <line num="129" type="stmt" count="12"/>
        <line num="133" type="stmt" count="12"/>
        <line num="135" type="stmt" count="1"/>
        <line num="138" type="stmt" count="13"/>
        <line num="139" type="stmt" count="12"/>
        <line num="141" type="stmt" count="11"/>
        <line num="142" type="stmt" count="3"/>
        <line num="143" type="stmt" count="3"/>
        <line num="148" type="stmt" count="12"/>
        <line num="149" type="stmt" count="2"/>
        <line num="150" type="stmt" count="2"/>
        <line num="153" type="stmt" count="10"/>
        <line num="154" type="stmt" count="10"/>
        <line num="159" type="method" name="stop" crap="2" count="1"/>
        <line num="161" type="stmt" count="1"/>
        <line num="162" type="stmt" count="1"/>
        <line num="164" type="stmt" count="1"/>
        <line num="166" type="stmt" count="1"/>
        <line num="174" type="method" name="send" crap="3" count="9"/>
        <line num="178" type="stmt" count="9"/>
        <line num="179" type="stmt" count="1"/>
        <line num="184" type="stmt" count="8"/>
        <line num="185" type="stmt" count="8"/>
        <line num="188" type="stmt" count="8"/>
        <line num="189" type="stmt" count="8"/>
        <line num="190" type="stmt" count="2"/>
        <line num="195" type="stmt" count="8"/>
        <line num="196" type="stmt" count="8"/>
        <line num="197" type="stmt" count="8"/>
        <line num="198" type="stmt" count="8"/>
        <line num="199" type="stmt" count="8"/>
        <line num="201" type="stmt" count="8"/>
        <line num="208" type="method" name="recv" crap="7" count="9"/>
        <line num="210" type="stmt" count="9"/>
        <line num="211" type="stmt" count="9"/>
        <line num="213" type="stmt" count="9"/>
        <line num="215" type="stmt" count="9"/>
        <line num="221" type="stmt" count="9"/>
        <line num="222" type="stmt" count="2"/>
        <line num="225" type="stmt" count="9"/>
        <line num="226" type="stmt" count="8"/>
        <line num="233" type="stmt" count="9"/>
        <line num="234" type="stmt" count="9"/>
        <line num="239" type="stmt" count="9"/>
        <line num="240" type="stmt" count="9"/>
        <line num="242" type="stmt" count="8"/>
        <line num="243" type="stmt" count="8"/>
        <line num="244" type="stmt" count="8"/>
        <line num="246" type="stmt" count="8"/>
        <line num="247" type="stmt" count="8"/>
        <line num="251" type="stmt" count="8"/>
        <line num="252" type="stmt" count="8"/>
        <line num="256" type="stmt" count="8"/>
        <line num="259" type="stmt" count="8"/>
        <line num="260" type="stmt" count="8"/>
        <line num="262" type="stmt" count="8"/>
        <line num="264" type="stmt" count="5"/>
        <line num="265" type="stmt" count="1"/>
        <line num="266" type="stmt" count="1"/>
        <line num="267" type="stmt" count="1"/>
        <line num="268" type="stmt" count="1"/>
        <line num="272" type="stmt" count="1"/>
        <line num="273" type="stmt" count="1"/>
        <line num="274" type="stmt" count="4"/>
        <line num="275" type="stmt" count="4"/>
        <line num="276" type="stmt" count="4"/>
        <line num="277" type="stmt" count="4"/>
        <line num="278" type="stmt" count="4"/>
        <line num="279" type="stmt" count="4"/>
        <line num="282" type="stmt" count="4"/>
        <line num="284" type="stmt" count="2"/>
        <line num="285" type="stmt" count="2"/>
        <line num="286" type="stmt" count="1"/>
        <line num="287" type="stmt" count="1"/>
        <line num="288" type="stmt" count="1"/>
        <line num="291" type="stmt" count="2"/>
        <line num="292" type="stmt" count="2"/>
        <line num="296" type="stmt" count="9"/>
        <line num="298" type="stmt" count="9"/>
        <line num="299" type="stmt" count="9"/>
        <line num="300" type="stmt" count="9"/>
        <line num="302" type="stmt" count="9"/>
        <line num="303" type="stmt" count="9"/>
        <line num="307" type="stmt" count="9"/>
        <line num="309" type="stmt" count="9"/>
        <line num="312" type="stmt" count="9"/>
        <line num="314" type="method" name="bind" crap="1" count="12"/>
        <line num="317" type="stmt" count="12"/>
        <line num="318" type="stmt" count="12"/>
        <line num="320" type="stmt" count="12"/>
        <line num="321" type="stmt" count="12"/>
        <line num="322" type="stmt" count="12"/>
        <line num="324" type="stmt" count="12"/>
        <line num="325" type="stmt" count="12"/>
        <line num="326" type="stmt" count="12"/>
        <line num="327" type="stmt" count="12"/>
        <line num="328" type="stmt" count="12"/>
        <line num="329" type="method" name="anonymous function" crap="1" count="12"/>
        <line num="330" type="stmt" count="9"/>
        <line num="331" type="stmt" count="12"/>
        <line num="333" type="stmt" count="12"/>
        <line num="335" type="method" name="unbind" crap="1" count="3"/>
        <line num="338" type="stmt" count="3"/>
        <line num="339" type="stmt" count="3"/>
        <line num="340" type="stmt" count="3"/>
        <line num="343" type="stmt" count="3"/>
        <line num="344" type="stmt" count="3"/>
        <metrics loc="356" ncloc="278" classes="1" methods="10" coveredmethods="10" conditionals="0" coveredconditionals="0" statements="138" coveredstatements="138" elements="148" coveredelements="148"/>
      </file>
      <file name="/home/travis/build/IcecaveStudios/overpass/src/Amqp/Rpc/DeclarationManager.php">
        <class name="DeclarationManager" namespace="Icecave\Overpass\Amqp\Rpc">
          <metrics methods="4" coveredmethods="4" conditionals="0" coveredconditionals="0" statements="39" coveredstatements="39" elements="43" coveredelements="43"/>
        </class>
        <line num="11" type="method" name="__construct" crap="1" count="4"/>
        <line num="13" type="stmt" count="4"/>
        <line num="14" type="stmt" count="4"/>
        <line num="15" type="stmt" count="4"/>
        <line num="20" type="method" name="exchange" crap="2" count="2"/>
        <line num="22" type="stmt" count="2"/>
        <line num="23" type="stmt" count="1"/>
        <line num="26" type="stmt" count="2"/>
        <line num="29" type="stmt" count="2"/>
        <line num="30" type="stmt" count="2"/>
        <line num="32" type="stmt" count="2"/>
        <line num="33" type="stmt" count="2"/>
        <line num="34" type="stmt" count="2"/>
        <line num="35" type="stmt" count="2"/>
        <line num="38" type="stmt" count="2"/>
        <line num="40" type="stmt" count="2"/>
        <line num="48" type="method" name="requestQueue" crap="2" count="2"/>
        <line num="50" type="stmt" count="2"/>
        <line num="51" type="stmt" count="1"/>
        <line num="55" type="stmt" count="2"/>
        <line num="56" type="stmt" count="2"/>
        <line num="57" type="stmt" count="2"/>
        <line num="58" type="stmt" count="2"/>
        <line num="59" type="stmt" count="2"/>
        <line num="60" type="stmt" count="2"/>
        <line num="61" type="stmt" count="2"/>
        <line num="65" type="stmt" count="2"/>
        <line num="66" type="stmt" count="2"/>
        <line num="68" type="stmt" count="2"/>
        <line num="72" type="stmt" count="2"/>
        <line num="74" type="stmt" count="2"/>
        <line num="80" type="method" name="responseQueue" crap="2" count="2"/>
        <line num="82" type="stmt" count="2"/>
        <line num="83" type="stmt" count="1"/>
        <line num="86" type="stmt" count="2"/>
        <line num="87" type="stmt" count="2"/>
        <line num="88" type="stmt" count="2"/>
        <line num="89" type="stmt" count="2"/>
        <line num="90" type="stmt" count="2"/>
        <line num="91" type="stmt" count="2"/>
        <line num="92" type="stmt" count="2"/>
        <line num="93" type="stmt" count="2"/>
        <line num="96" type="stmt" count="2"/>
        <metrics loc="102" ncloc="66" classes="1" methods="4" coveredmethods="4" conditionals="0" coveredconditionals="0" statements="39" coveredstatements="39" elements="43" coveredelements="43"/>
      </file>
    </package>
    <package name="Icecave\Overpass\JobQueue\Exception">
      <file name="/home/travis/build/IcecaveStudios/overpass/src/JobQueue/Exception/DiscardException.php">
        <class name="DiscardException" namespace="Icecave\Overpass\JobQueue\Exception">
          <metrics methods="0" coveredmethods="0" conditionals="0" coveredconditionals="0" statements="0" coveredstatements="0" elements="0" coveredelements="0"/>
        </class>
        <metrics loc="13" ncloc="9" classes="1" methods="0" coveredmethods="0" conditionals="0" coveredconditionals="0" statements="0" coveredstatements="0" elements="0" coveredelements="0"/>
      </file>
      <file name="/home/travis/build/IcecaveStudios/overpass/src/JobQueue/Exception/InvalidJobException.php">
        <class name="InvalidJobException" namespace="Icecave\Overpass\JobQueue\Exception">
          <metrics methods="0" coveredmethods="0" conditionals="0" coveredconditionals="0" statements="0" coveredstatements="0" elements="0" coveredelements="0"/>
        </class>
        <metrics loc="9" ncloc="9" classes="1" methods="0" coveredmethods="0" conditionals="0" coveredconditionals="0" statements="0" coveredstatements="0" elements="0" coveredelements="0"/>
      </file>
    </package>
    <package name="Icecave\Overpass\JobQueue\Job">
      <file name="/home/travis/build/IcecaveStudios/overpass/src/JobQueue/Job/Job.php">
        <class name="Job" namespace="Icecave\Overpass\JobQueue\Job">
          <metrics methods="5" coveredmethods="5" conditionals="0" coveredconditionals="0" statements="10" coveredstatements="10" elements="15" coveredelements="15"/>
        </class>
        <line num="18" type="method" name="create" crap="1" count="19"/>
        <line num="20" type="stmt" count="19"/>
        <line num="28" type="method" name="type" crap="1" count="12"/>
        <line num="30" type="stmt" count="12"/>
        <line num="38" type="method" name="payload" crap="1" count="12"/>
        <line num="40" type="stmt" count="12"/>
        <line num="43" type="method" name="__toString" crap="1" count="1"/>
        <line num="45" type="stmt" count="1"/>
        <line num="46" type="stmt" count="1"/>
        <line num="47" type="stmt" count="1"/>
        <line num="48" type="stmt" count="1"/>
        <line num="56" type="method" name="__construct" crap="1" count="19"/>
        <line num="58" type="stmt" count="19"/>
        <line num="59" type="stmt" count="19"/>
        <line num="60" type="stmt" count="19"/>
        <metrics loc="64" ncloc="39" classes="1" methods="5" coveredmethods="5" conditionals="0" coveredconditionals="0" statements="10" coveredstatements="10" elements="15" coveredelements="15"/>
      </file>
      <file name="/home/travis/build/IcecaveStudios/overpass/src/JobQueue/Job/JobSerialization.php">
        <class name="JobSerialization" namespace="Icecave\Overpass\JobQueue\Job">
          <metrics methods="3" coveredmethods="3" conditionals="0" coveredconditionals="0" statements="22" coveredstatements="22" elements="25" coveredelements="25"/>
        </class>
        <line num="11" type="method" name="__construct" crap="1" count="24"/>
        <line num="13" type="stmt" count="24"/>
        <line num="14" type="stmt" count="24"/>
        <line num="23" type="method" name="serializeJob" crap="1" count="4"/>
        <line num="26" type="stmt" count="4"/>
        <line num="27" type="stmt" count="4"/>
        <line num="31" type="stmt" count="4"/>
        <line num="32" type="stmt" count="4"/>
        <line num="44" type="method" name="unserializeJob" crap="5" count="14"/>
        <line num="48" type="stmt" count="14"/>
        <line num="49" type="stmt" count="14"/>
        <line num="51" type="stmt" count="13"/>
        <line num="52" type="stmt" count="1"/>
        <line num="53" type="stmt" count="1"/>
        <line num="55" type="stmt" count="12"/>
        <line num="56" type="stmt" count="3"/>
        <line num="57" type="stmt" count="3"/>
        <line num="61" type="stmt" count="9"/>
        <line num="63" type="stmt" count="9"/>
        <line num="64" type="stmt" count="1"/>
        <line num="65" type="stmt" count="1"/>
        <line num="68" type="stmt" count="6"/>
        <line num="69" type="stmt" count="1"/>
        <line num="70" type="stmt" count="1"/>
        <line num="74" type="stmt" count="8"/>
        <metrics loc="78" ncloc="62" classes="1" methods="3" coveredmethods="3" conditionals="0" coveredconditionals="0" statements="22" coveredstatements="22" elements="25" coveredelements="25"/>
      </file>
    </package>
    <package name="Icecave\Overpass">
      <file name="/home/travis/build/IcecaveStudios/overpass/src/PackageInfo.php">
        <class name="PackageInfo" namespace="Icecave\Overpass">
          <metrics methods="0" coveredmethods="0" conditionals="0" coveredconditionals="0" statements="0" coveredstatements="0" elements="0" coveredelements="0"/>
        </class>
        <metrics loc="8" ncloc="8" classes="1" methods="0" coveredmethods="0" conditionals="0" coveredconditionals="0" statements="0" coveredstatements="0" elements="0" coveredelements="0"/>
      </file>
    </package>
    <package name="Icecave\Overpass\Rpc\Exception">
      <file name="/home/travis/build/IcecaveStudios/overpass/src/Rpc/Exception/ExecutionException.php">
        <class name="ExecutionException" namespace="Icecave\Overpass\Rpc\Exception">
          <metrics methods="2" coveredmethods="2" conditionals="0" coveredconditionals="0" statements="4" coveredstatements="4" elements="6" coveredelements="6"/>
        </class>
        <line num="17" type="method" name="__construct" crap="1" count="20"/>
        <line num="19" type="stmt" count="20"/>
        <line num="21" type="stmt" count="20"/>
        <line num="23" type="stmt" count="20"/>
        <line num="30" type="method" name="responseCode" crap="1" count="20"/>
        <line num="32" type="stmt" count="20"/>
        <metrics loc="34" ncloc="22" classes="1" methods="2" coveredmethods="2" conditionals="0" coveredconditionals="0" statements="4" coveredstatements="4" elements="6" coveredelements="6"/>
      </file>
      <file name="/home/travis/build/IcecaveStudios/overpass/src/Rpc/Exception/InvalidArgumentsException.php">
        <class name="InvalidArgumentsException" namespace="Icecave\Overpass\Rpc\Exception">
          <metrics methods="2" coveredmethods="2" conditionals="0" coveredconditionals="0" statements="4" coveredstatements="4" elements="6" coveredelements="6"/>
        </class>
        <line num="13" type="method" name="__construct" crap="1" count="9"/>
        <line num="15" type="stmt" count="9"/>
        <line num="17" type="stmt" count="9"/>
        <line num="19" type="stmt" count="9"/>
        <line num="26" type="method" name="responseCode" crap="1" count="9"/>
        <line num="28" type="stmt" count="9"/>
        <metrics loc="30" ncloc="22" classes="1" methods="2" coveredmethods="2" conditionals="0" coveredconditionals="0" statements="4" coveredstatements="4" elements="6" coveredelements="6"/>
      </file>
      <file name="/home/travis/build/IcecaveStudios/overpass/src/Rpc/Exception/InvalidMessageException.php">
        <class name="InvalidMessageException" namespace="Icecave\Overpass\Rpc\Exception">
          <metrics methods="2" coveredmethods="2" conditionals="0" coveredconditionals="0" statements="4" coveredstatements="4" elements="6" coveredelements="6"/>
        </class>
        <line num="13" type="method" name="__construct" crap="1" count="16"/>
        <line num="15" type="stmt" count="16"/>
        <line num="17" type="stmt" count="16"/>
        <line num="19" type="stmt" count="16"/>
        <line num="26" type="method" name="responseCode" crap="1" count="16"/>
        <line num="28" type="stmt" count="16"/>
        <metrics loc="30" ncloc="22" classes="1" methods="2" coveredmethods="2" conditionals="0" coveredconditionals="0" statements="4" coveredstatements="4" elements="6" coveredelements="6"/>
      </file>
      <file name="/home/travis/build/IcecaveStudios/overpass/src/Rpc/Exception/TimeoutException.php">
        <class name="TimeoutException" namespace="Icecave\Overpass\Rpc\Exception">
          <metrics methods="1" coveredmethods="1" conditionals="0" coveredconditionals="0" statements="4" coveredstatements="4" elements="5" coveredelements="5"/>
        </class>
        <line num="12" type="method" name="__construct" crap="1" count="3"/>
        <line num="14" type="stmt" count="3"/>
        <line num="15" type="stmt" count="3"/>
        <line num="16" type="stmt" count="3"/>
        <line num="19" type="stmt" count="3"/>
        <metrics loc="20" ncloc="17" classes="1" methods="1" coveredmethods="1" conditionals="0" coveredconditionals="0" statements="4" coveredstatements="4" elements="5" coveredelements="5"/>
      </file>
      <file name="/home/travis/build/IcecaveStudios/overpass/src/Rpc/Exception/UnknownProcedureException.php">
        <class name="UnknownProcedureException" namespace="Icecave\Overpass\Rpc\Exception">
          <metrics methods="2" coveredmethods="2" conditionals="0" coveredconditionals="0" statements="5" coveredstatements="5" elements="7" coveredelements="7"/>
        </class>
        <line num="13" type="method" name="__construct" crap="1" count="2"/>
        <line num="15" type="stmt" count="2"/>
        <line num="16" type="stmt" count="2"/>
        <line num="17" type="stmt" count="2"/>
        <line num="19" type="stmt" count="2"/>
        <line num="26" type="method" name="responseCode" crap="1" count="2"/>
        <line num="28" type="stmt" count="2"/>
        <metrics loc="30" ncloc="22" classes="1" methods="2" coveredmethods="2" conditionals="0" coveredconditionals="0" statements="5" coveredstatements="5" elements="7" coveredelements="7"/>
      </file>
    </package>
    <package name="Icecave\Overpass\Rpc">
      <file name="/home/travis/build/IcecaveStudios/overpass/src/Rpc/Invoker.php">
        <class name="Invoker" namespace="Icecave\Overpass\Rpc">
          <metrics methods="4" coveredmethods="4" conditionals="0" coveredconditionals="0" statements="53" coveredstatements="53" elements="57" coveredelements="57"/>
        </class>
        <line num="23" type="method" name="invoke" crap="3" count="34"/>
        <line num="25" type="stmt" count="34"/>
        <line num="26" type="stmt" count="34"/>
        <line num="28" type="stmt" count="34"/>
        <line num="30" type="stmt" count="34"/>
        <line num="33" type="stmt" count="34"/>
        <line num="34" type="stmt" count="9"/>
        <line num="38" type="stmt" count="25"/>
        <line num="40" type="stmt" count="25"/>
        <line num="43" type="stmt" count="18"/>
        <line num="44" type="stmt" count="7"/>
        <line num="45" type="stmt" count="2"/>
        <line num="49" type="method" name="validateArguments" crap="4" count="34"/>
        <line num="51" type="stmt" count="34"/>
        <line num="53" type="stmt" count="34"/>
        <line num="54" type="stmt" count="34"/>
        <line num="55" type="stmt" count="34"/>
        <line num="57" type="stmt" count="34"/>
        <line num="58" type="stmt" count="1"/>
        <line num="59" type="stmt" count="1"/>
        <line num="60" type="stmt" count="1"/>
        <line num="64" type="stmt" count="33"/>
        <line num="66" type="stmt" count="33"/>
        <line num="67" type="stmt" count="21"/>
        <line num="68" type="stmt" count="21"/>
        <line num="69" type="stmt" count="21"/>
        <line num="72" type="stmt" count="21"/>
        <line num="73" type="stmt" count="8"/>
        <line num="74" type="stmt" count="8"/>
        <line num="76" type="stmt" count="8"/>
        <line num="77" type="stmt" count="8"/>
        <line num="84" type="stmt" count="25"/>
        <line num="87" type="method" name="validateArgument" crap="10" count="21"/>
        <line num="89" type="stmt" count="21"/>
        <line num="90" type="stmt" count="12"/>
        <line num="92" type="stmt" count="12"/>
        <line num="93" type="stmt" count="3"/>
        <line num="96" type="stmt" count="9"/>
        <line num="99" type="stmt" count="18"/>
        <line num="100" type="stmt" count="4"/>
        <line num="101" type="stmt" count="2"/>
        <line num="103" type="stmt" count="14"/>
        <line num="104" type="stmt" count="4"/>
        <line num="105" type="stmt" count="2"/>
        <line num="107" type="stmt" count="10"/>
        <line num="108" type="stmt" count="6"/>
        <line num="109" type="stmt" count="4"/>
        <line num="113" type="stmt" count="10"/>
        <line num="116" type="method" name="reflector" crap="4" count="34"/>
        <line num="119" type="stmt" count="34"/>
        <line num="120" type="stmt" count="1"/>
        <line num="121" type="stmt" count="1"/>
        <line num="122" type="stmt" count="1"/>
        <line num="126" type="stmt" count="33"/>
        <line num="127" type="stmt" count="1"/>
        <line num="129" type="stmt" count="1"/>
        <line num="136" type="stmt" count="32"/>
        <metrics loc="139" ncloc="125" classes="1" methods="4" coveredmethods="4" conditionals="0" coveredconditionals="0" statements="53" coveredstatements="53" elements="57" coveredelements="57"/>
      </file>
    </package>
    <package name="Icecave\Overpass\Rpc\Message">
      <file name="/home/travis/build/IcecaveStudios/overpass/src/Rpc/Message/MessageSerialization.php">
        <class name="MessageSerialization" namespace="Icecave\Overpass\Rpc\Message">
          <metrics methods="5" coveredmethods="5" conditionals="0" coveredconditionals="0" statements="49" coveredstatements="49" elements="54" coveredelements="54"/>
        </class>
        <line num="11" type="method" name="__construct" crap="1" count="42"/>
        <line num="13" type="stmt" count="42"/>
        <line num="14" type="stmt" count="42"/>
        <line num="23" type="method" name="serializeRequest" crap="1" count="10"/>
        <line num="26" type="stmt" count="10"/>
        <line num="27" type="stmt" count="10"/>
        <line num="31" type="stmt" count="10"/>
        <line num="32" type="stmt" count="10"/>
        <line num="42" type="method" name="serializeResponse" crap="1" count="9"/>
        <line num="45" type="stmt" count="9"/>
        <line num="46" type="stmt" count="9"/>
        <line num="50" type="stmt" count="9"/>
        <line num="51" type="stmt" count="9"/>
        <line num="62" type="method" name="unserializeRequest" crap="6" count="16"/>
        <line num="66" type="stmt" count="16"/>
        <line num="67" type="stmt" count="16"/>
        <line num="69" type="stmt" count="15"/>
        <line num="70" type="stmt" count="1"/>
        <line num="71" type="stmt" count="1"/>
        <line num="73" type="stmt" count="14"/>
        <line num="74" type="stmt" count="3"/>
        <line num="75" type="stmt" count="3"/>
        <line num="79" type="stmt" count="11"/>
        <line num="81" type="stmt" count="11"/>
        <line num="82" type="stmt" count="1"/>
        <line num="83" type="stmt" count="1"/>
        <line num="85" type="stmt" count="10"/>
        <line num="86" type="stmt" count="1"/>
        <line num="87" type="stmt" count="1"/>
        <line num="90" type="stmt" count="7"/>
        <line num="91" type="stmt" count="1"/>
        <line num="92" type="stmt" count="1"/>
        <line num="96" type="stmt" count="9"/>
        <line num="107" type="method" name="unserializeResponse" crap="7" count="12"/>
        <line num="111" type="stmt" count="12"/>
        <line num="112" type="stmt" count="12"/>
        <line num="114" type="stmt" count="11"/>
        <line num="115" type="stmt" count="1"/>
        <line num="116" type="stmt" count="1"/>
        <line num="118" type="stmt" count="10"/>
        <line num="119" type="stmt" count="2"/>
        <line num="120" type="stmt" count="2"/>
        <line num="124" type="stmt" count="8"/>
        <line num="126" type="stmt" count="8"/>
        <line num="128" type="stmt" count="7"/>
        <line num="129" type="stmt" count="1"/>
        <line num="130" type="stmt" count="1"/>
        <line num="133" type="stmt" count="6"/>
        <line num="134" type="stmt" count="1"/>
        <line num="135" type="stmt" count="1"/>
        <line num="137" type="stmt" count="5"/>
        <line num="138" type="stmt" count="1"/>
        <line num="139" type="stmt" count="1"/>
        <line num="143" type="stmt" count="6"/>
        <metrics loc="147" ncloc="117" classes="1" methods="5" coveredmethods="5" conditionals="0" coveredconditionals="0" statements="49" coveredstatements="49" elements="54" coveredelements="54"/>
      </file>
      <file name="/home/travis/build/IcecaveStudios/overpass/src/Rpc/Message/Request.php">
        <class name="Request" namespace="Icecave\Overpass\Rpc\Message">
          <metrics methods="5" coveredmethods="5" conditionals="0" coveredconditionals="0" statements="12" coveredstatements="12" elements="17" coveredelements="17"/>
        </class>
        <line num="13" type="method" name="__construct" crap="1" count="61"/>
        <line num="15" type="stmt" count="61"/>
        <line num="16" type="stmt" count="61"/>
        <line num="17" type="stmt" count="61"/>
        <line num="27" type="method" name="create" crap="1" count="61"/>
        <line num="29" type="stmt" count="61"/>
        <line num="37" type="method" name="name" crap="1" count="19"/>
        <line num="39" type="stmt" count="19"/>
        <line num="47" type="method" name="arguments" crap="1" count="45"/>
        <line num="49" type="stmt" count="45"/>
        <line num="52" type="method" name="__toString" crap="1" count="1"/>
        <line num="54" type="stmt" count="1"/>
        <line num="55" type="stmt" count="1"/>
        <line num="56" type="stmt" count="1"/>
        <line num="58" type="stmt" count="1"/>
        <line num="60" type="stmt" count="1"/>
        <line num="61" type="stmt" count="1"/>
        <metrics loc="69" ncloc="44" classes="1" methods="5" coveredmethods="5" conditionals="0" coveredconditionals="0" statements="12" coveredstatements="12" elements="17" coveredelements="17"/>
      </file>
      <file name="/home/travis/build/IcecaveStudios/overpass/src/Rpc/Message/Response.php">
        <class name="Response" namespace="Icecave\Overpass\Rpc\Message">
          <metrics methods="8" coveredmethods="8" conditionals="0" coveredconditionals="0" statements="28" coveredstatements="28" elements="36" coveredelements="36"/>
        </class>
        <line num="19" type="method" name="__construct" crap="1" count="65"/>
        <line num="21" type="stmt" count="65"/>
        <line num="22" type="stmt" count="65"/>
        <line num="23" type="stmt" count="65"/>
        <line num="33" type="method" name="create" crap="1" count="20"/>
        <line num="35" type="stmt" count="20"/>
        <line num="48" type="method" name="createFromValue" crap="1" count="38"/>
        <line num="50" type="stmt" count="38"/>
        <line num="51" type="stmt" count="38"/>
        <line num="63" type="method" name="createFromException" crap="2" count="18"/>
        <line num="65" type="stmt" count="18"/>
        <line num="66" type="stmt" count="3"/>
        <line num="67" type="stmt" count="3"/>
        <line num="71" type="stmt" count="18"/>
        <line num="72" type="stmt" count="18"/>
        <line num="73" type="stmt" count="18"/>
        <line num="82" type="method" name="code" crap="1" count="14"/>
        <line num="84" type="stmt" count="14"/>
        <line num="95" type="method" name="value" crap="1" count="14"/>
        <line num="97" type="stmt" count="14"/>
        <line num="106" type="method" name="extract" crap="4" count="9"/>
        <line num="108" type="stmt" count="9"/>
        <line num="109" type="stmt" count="9"/>
        <line num="110" type="stmt" count="6"/>
        <line num="111" type="stmt" count="3"/>
        <line num="112" type="stmt" count="1"/>
        <line num="113" type="stmt" count="2"/>
        <line num="114" type="stmt" count="1"/>
        <line num="118" type="stmt" count="1"/>
        <line num="121" type="method" name="__toString" crap="2" count="2"/>
        <line num="123" type="stmt" count="2"/>
        <line num="124" type="stmt" count="1"/>
        <line num="126" type="stmt" count="1"/>
        <line num="129" type="stmt" count="2"/>
        <line num="130" type="stmt" count="2"/>
        <line num="131" type="stmt" count="2"/>
        <metrics loc="138" ncloc="88" classes="1" methods="8" coveredmethods="8" conditionals="0" coveredconditionals="0" statements="28" coveredstatements="28" elements="36" coveredelements="36"/>
      </file>
      <file name="/home/travis/build/IcecaveStudios/overpass/src/Rpc/Message/ResponseCode.php">
        <class name="ResponseCode" namespace="Icecave\Overpass\Rpc\Message">
          <metrics methods="0" coveredmethods="0" conditionals="0" coveredconditionals="0" statements="0" coveredstatements="0" elements="0" coveredelements="0"/>
        </class>
        <metrics loc="13" ncloc="13" classes="1" methods="0" coveredmethods="0" conditionals="0" coveredconditionals="0" statements="0" coveredstatements="0" elements="0" coveredelements="0"/>
      </file>
    </package>
    <package name="Icecave\Overpass\Serialization\Exception">
      <file name="/home/travis/build/IcecaveStudios/overpass/src/Serialization/Exception/SerializationException.php">
        <class name="SerializationException" namespace="Icecave\Overpass\Serialization\Exception">
          <metrics methods="0" coveredmethods="0" conditionals="0" coveredconditionals="0" statements="0" coveredstatements="0" elements="0" coveredelements="0"/>
        </class>
        <metrics loc="8" ncloc="8" classes="1" methods="0" coveredmethods="0" conditionals="0" coveredconditionals="0" statements="0" coveredstatements="0" elements="0" coveredelements="0"/>
      </file>
    </package>
    <package name="Icecave\Overpass\Serialization">
      <file name="/home/travis/build/IcecaveStudios/overpass/src/Serialization/JsonSerialization.php">
        <class name="JsonSerialization" namespace="Icecave\Overpass\Serialization">
          <metrics methods="3" coveredmethods="2" conditionals="0" coveredconditionals="0" statements="14" coveredstatements="13" elements="17" coveredelements="15"/>
        </class>
        <line num="19" type="method" name="serialize" crap="2" count="26"/>
        <line num="21" type="stmt" count="26"/>
        <line num="23" type="stmt" count="25"/>
        <line num="25" type="stmt" count="25"/>
        <line num="26" type="stmt" count="24"/>
        <line num="29" type="stmt" count="1"/>
        <line num="39" type="method" name="unserialize" crap="3" count="45"/>
        <line num="41" type="stmt" count="45"/>
        <line num="43" type="stmt" count="45"/>
        <line num="44" type="stmt" count="4"/>
        <line num="47" type="stmt" count="41"/>
        <line num="49" type="stmt" count="40"/>
        <line num="52" type="method" name="validatePayload" crap="3.14" count="54"/>
        <line num="55" type="stmt" count="54"/>
        <line num="56" type="stmt" count="0"/>
        <line num="58" type="stmt" count="2"/>
        <line num="60" type="stmt" count="52"/>
        <metrics loc="61" ncloc="44" classes="1" methods="3" coveredmethods="2" conditionals="0" coveredconditionals="0" statements="14" coveredstatements="13" elements="17" coveredelements="15"/>
      </file>
    </package>
    <metrics files="27" loc="2513" ncloc="1914" classes="27" methods="97" coveredmethods="96" conditionals="0" coveredconditionals="0" statements="777" coveredstatements="776" elements="874" coveredelements="872"/>
  </project>
</coverage>
