<?xml version="1.0" encoding="UTF-8"?>
<testsuites>
  <testsuite name="" tests="145" assertions="353" failures="0" errors="0" time="3.796072">
    <testsuite name="Icecave\Overpass\Amqp\ChannelDispatcherTest" file="/home/travis/build/IcecaveStudios/overpass/test/suite/Amqp/ChannelDispatcherTest.php" tests="4" assertions="8" failures="0" errors="0" time="0.936756">
      <testcase name="testWait" class="Icecave\Overpass\Amqp\ChannelDispatcherTest" file="/home/travis/build/IcecaveStudios/overpass/test/suite/Amqp/ChannelDispatcherTest.php" line="23" assertions="2" time="0.907856"/>
      <testcase name="testWaitWithSignalInterrupt" class="Icecave\Overpass\Amqp\ChannelDispatcherTest" file="/home/travis/build/IcecaveStudios/overpass/test/suite/Amqp/ChannelDispatcherTest.php" line="31" assertions="2" time="0.010818"/>
      <testcase name="testWaitWithGenericException" class="Icecave\Overpass\Amqp\ChannelDispatcherTest" file="/home/travis/build/IcecaveStudios/overpass/test/suite/Amqp/ChannelDispatcherTest.php" line="47" assertions="2" time="0.007692"/>
      <testcase name="testWaitWithTimeoutException" class="Icecave\Overpass\Amqp\ChannelDispatcherTest" file="/home/travis/build/IcecaveStudios/overpass/test/suite/Amqp/ChannelDispatcherTest.php" line="63" assertions="2" time="0.010390"/>
    </testsuite>
    <testsuite name="Icecave\Overpass\Amqp\JobQueue\AmqpQueueTest" file="/home/travis/build/IcecaveStudios/overpass/test/suite/Amqp/JobQueue/AmqpQueueTest.php" tests="3" assertions="7" failures="0" errors="0" time="0.089962">
      <testcase name="testEnqueue" class="Icecave\Overpass\Amqp\JobQueue\AmqpQueueTest" file="/home/travis/build/IcecaveStudios/overpass/test/suite/Amqp/JobQueue/AmqpQueueTest.php" line="38" assertions="2" time="0.039432"/>
      <testcase name="testEnqueueExtraneousParameters" class="Icecave\Overpass\Amqp\JobQueue\AmqpQueueTest" file="/home/travis/build/IcecaveStudios/overpass/test/suite/Amqp/JobQueue/AmqpQueueTest.php" line="56" assertions="2" time="0.024289"/>
      <testcase name="testEnqueueWithLogging" class="Icecave\Overpass\Amqp\JobQueue\AmqpQueueTest" file="/home/travis/build/IcecaveStudios/overpass/test/suite/Amqp/JobQueue/AmqpQueueTest.php" line="74" assertions="3" time="0.026241"/>
    </testsuite>
    <testsuite name="Icecave\Overpass\Amqp\JobQueue\AmqpWorkerTest" file="/home/travis/build/IcecaveStudios/overpass/test/suite/Amqp/JobQueue/AmqpWorkerTest.php" tests="14" assertions="71" failures="0" errors="0" time="1.131183">
      <testcase name="testRegiserWhileRunning" class="Icecave\Overpass\Amqp\JobQueue\AmqpWorkerTest" file="/home/travis/build/IcecaveStudios/overpass/test/suite/Amqp/JobQueue/AmqpWorkerTest.php" line="88" assertions="2" time="0.020336"/>
      <testcase name="testRegisterObject" class="Icecave\Overpass\Amqp\JobQueue\AmqpWorkerTest" file="/home/travis/build/IcecaveStudios/overpass/test/suite/Amqp/JobQueue/AmqpWorkerTest.php" line="115" assertions="7" time="0.025634"/>
      <testcase name="testRegiserObjectWithPrefix" class="Icecave\Overpass\Amqp\JobQueue\AmqpWorkerTest" file="/home/travis/build/IcecaveStudios/overpass/test/suite/Amqp/JobQueue/AmqpWorkerTest.php" line="157" assertions="2" time="0.015911"/>
      <testcase name="testRun" class="Icecave\Overpass\Amqp\JobQueue\AmqpWorkerTest" file="/home/travis/build/IcecaveStudios/overpass/test/suite/Amqp/JobQueue/AmqpWorkerTest.php" line="174" assertions="8" time="0.032816"/>
      <testcase name="testRunNoProcedures" class="Icecave\Overpass\Amqp\JobQueue\AmqpWorkerTest" file="/home/travis/build/IcecaveStudios/overpass/test/suite/Amqp/JobQueue/AmqpWorkerTest.php" line="220" assertions="3" time="0.014579"/>
      <testcase name="testStop" class="Icecave\Overpass\Amqp\JobQueue\AmqpWorkerTest" file="/home/travis/build/IcecaveStudios/overpass/test/suite/Amqp/JobQueue/AmqpWorkerTest.php" line="232" assertions="3" time="0.024957"/>
      <testcase name="testReceiveRequest" class="Icecave\Overpass\Amqp\JobQueue\AmqpWorkerTest" file="/home/travis/build/IcecaveStudios/overpass/test/suite/Amqp/JobQueue/AmqpWorkerTest.php" line="252" assertions="6" time="0.027843"/>
      <testcase name="testReceiveRequestWithInvalidRequest" class="Icecave\Overpass\Amqp\JobQueue\AmqpWorkerTest" file="/home/travis/build/IcecaveStudios/overpass/test/suite/Amqp/JobQueue/AmqpWorkerTest.php" line="304" assertions="6" time="0.031644"/>
      <testcase name="testReceiveRequestWithDiscardException" class="Icecave\Overpass\Amqp\JobQueue\AmqpWorkerTest" file="/home/travis/build/IcecaveStudios/overpass/test/suite/Amqp/JobQueue/AmqpWorkerTest.php" line="361" assertions="6" time="0.030716"/>
      <testcase name="testReceiveRequestWithErrorException" class="Icecave\Overpass\Amqp\JobQueue\AmqpWorkerTest" file="/home/travis/build/IcecaveStudios/overpass/test/suite/Amqp/JobQueue/AmqpWorkerTest.php" line="420" assertions="6" time="0.282514"/>
      <testcase name="testReceiveRequestWithGenericException" class="Icecave\Overpass\Amqp\JobQueue\AmqpWorkerTest" file="/home/travis/build/IcecaveStudios/overpass/test/suite/Amqp/JobQueue/AmqpWorkerTest.php" line="484" assertions="6" time="0.284062"/>
      <testcase name="testReceiveRequestWithError" class="Icecave\Overpass\Amqp\JobQueue\AmqpWorkerTest" file="/home/travis/build/IcecaveStudios/overpass/test/suite/Amqp/JobQueue/AmqpWorkerTest.php" line="548" assertions="6" time="0.282815"/>
      <testcase name="testReceiveRequestWithCustomErrorHandlerThatCompletes" class="Icecave\Overpass\Amqp\JobQueue\AmqpWorkerTest" file="/home/travis/build/IcecaveStudios/overpass/test/suite/Amqp/JobQueue/AmqpWorkerTest.php" line="607" assertions="5" time="0.031502"/>
      <testcase name="testReceiveRequestWithCustomErrorHandlerThatThrows" class="Icecave\Overpass\Amqp\JobQueue\AmqpWorkerTest" file="/home/travis/build/IcecaveStudios/overpass/test/suite/Amqp/JobQueue/AmqpWorkerTest.php" line="674" assertions="5" time="0.025854"/>
    </testsuite>
    <testsuite name="Icecave\Overpass\Amqp\JobQueue\DeclarationManagerTest" file="/home/travis/build/IcecaveStudios/overpass/test/suite/Amqp/JobQueue/DeclarationManagerTest.php" tests="2" assertions="4" failures="0" errors="0" time="0.022335">
      <testcase name="testRequestQueue" class="Icecave\Overpass\Amqp\JobQueue\DeclarationManagerTest" file="/home/travis/build/IcecaveStudios/overpass/test/suite/Amqp/JobQueue/DeclarationManagerTest.php" line="30" assertions="2" time="0.013404"/>
      <testcase name="testRequestQueueDeclaresOnce" class="Icecave\Overpass\Amqp\JobQueue\DeclarationManagerTest" file="/home/travis/build/IcecaveStudios/overpass/test/suite/Amqp/JobQueue/DeclarationManagerTest.php" line="53" assertions="2" time="0.008931"/>
    </testsuite>
    <testsuite name="Icecave\Overpass\Amqp\PubSub\AmqpPublisherTest" file="/home/travis/build/IcecaveStudios/overpass/test/suite/Amqp/PubSub/AmqpPublisherTest.php" tests="2" assertions="3" failures="0" errors="0" time="0.027830">
      <testcase name="testPublish" class="Icecave\Overpass\Amqp\PubSub\AmqpPublisherTest" file="/home/travis/build/IcecaveStudios/overpass/test/suite/Amqp/PubSub/AmqpPublisherTest.php" line="35" assertions="2" time="0.015869"/>
      <testcase name="testPublishLogging" class="Icecave\Overpass\Amqp\PubSub\AmqpPublisherTest" file="/home/travis/build/IcecaveStudios/overpass/test/suite/Amqp/PubSub/AmqpPublisherTest.php" line="49" assertions="1" time="0.011961"/>
    </testsuite>
    <testsuite name="Icecave\Overpass\Amqp\PubSub\AmqpSubscriberTest" file="/home/travis/build/IcecaveStudios/overpass/test/suite/Amqp/PubSub/AmqpSubscriberTest.php" tests="14" assertions="25" failures="0" errors="0" time="0.224763">
      <testcase name="testSubscribe" class="Icecave\Overpass\Amqp\PubSub\AmqpSubscriberTest" file="/home/travis/build/IcecaveStudios/overpass/test/suite/Amqp/PubSub/AmqpSubscriberTest.php" line="72" assertions="3" time="0.016606"/>
      <testcase name="testSubscribeWithDuplicateSubscription" class="Icecave\Overpass\Amqp\PubSub\AmqpSubscriberTest" file="/home/travis/build/IcecaveStudios/overpass/test/suite/Amqp/PubSub/AmqpSubscriberTest.php" line="87" assertions="1" time="0.013296"/>
      <testcase name="testSubscribeWithAtomWildcard" class="Icecave\Overpass\Amqp\PubSub\AmqpSubscriberTest" file="/home/travis/build/IcecaveStudios/overpass/test/suite/Amqp/PubSub/AmqpSubscriberTest.php" line="99" assertions="1" time="0.012855"/>
      <testcase name="testSubscribeWithFullWildcard" class="Icecave\Overpass\Amqp\PubSub\AmqpSubscriberTest" file="/home/travis/build/IcecaveStudios/overpass/test/suite/Amqp/PubSub/AmqpSubscriberTest.php" line="110" assertions="1" time="0.012877"/>
      <testcase name="testSubscribeLogging" class="Icecave\Overpass\Amqp\PubSub\AmqpSubscriberTest" file="/home/travis/build/IcecaveStudios/overpass/test/suite/Amqp/PubSub/AmqpSubscriberTest.php" line="121" assertions="1" time="0.013185"/>
      <testcase name="testUnsubscribe" class="Icecave\Overpass\Amqp\PubSub\AmqpSubscriberTest" file="/home/travis/build/IcecaveStudios/overpass/test/suite/Amqp/PubSub/AmqpSubscriberTest.php" line="135" assertions="1" time="0.016065"/>
      <testcase name="testUnsubscribeWithUnknownSubscription" class="Icecave\Overpass\Amqp\PubSub\AmqpSubscriberTest" file="/home/travis/build/IcecaveStudios/overpass/test/suite/Amqp/PubSub/AmqpSubscriberTest.php" line="147" assertions="2" time="0.010629"/>
      <testcase name="testUnsubscribeWithAtomWildcard" class="Icecave\Overpass\Amqp\PubSub\AmqpSubscriberTest" file="/home/travis/build/IcecaveStudios/overpass/test/suite/Amqp/PubSub/AmqpSubscriberTest.php" line="155" assertions="1" time="0.015400"/>
      <testcase name="testUnsubscribeWithFullWildcard" class="Icecave\Overpass\Amqp\PubSub\AmqpSubscriberTest" file="/home/travis/build/IcecaveStudios/overpass/test/suite/Amqp/PubSub/AmqpSubscriberTest.php" line="167" assertions="1" time="0.015379"/>
      <testcase name="testUnsubscribeLogging" class="Icecave\Overpass\Amqp\PubSub\AmqpSubscriberTest" file="/home/travis/build/IcecaveStudios/overpass/test/suite/Amqp/PubSub/AmqpSubscriberTest.php" line="180" assertions="1" time="0.016249"/>
      <testcase name="testConsume" class="Icecave\Overpass\Amqp\PubSub\AmqpSubscriberTest" file="/home/travis/build/IcecaveStudios/overpass/test/suite/Amqp/PubSub/AmqpSubscriberTest.php" line="195" assertions="5" time="0.022058"/>
      <testcase name="testConsumeCancel" class="Icecave\Overpass\Amqp\PubSub\AmqpSubscriberTest" file="/home/travis/build/IcecaveStudios/overpass/test/suite/Amqp/PubSub/AmqpSubscriberTest.php" line="234" assertions="4" time="0.030025"/>
      <testcase name="testConsumeWithNoSubscriptions" class="Icecave\Overpass\Amqp\PubSub\AmqpSubscriberTest" file="/home/travis/build/IcecaveStudios/overpass/test/suite/Amqp/PubSub/AmqpSubscriberTest.php" line="266" assertions="1" time="0.010281"/>
      <testcase name="testConsumeLogging" class="Icecave\Overpass\Amqp\PubSub\AmqpSubscriberTest" file="/home/travis/build/IcecaveStudios/overpass/test/suite/Amqp/PubSub/AmqpSubscriberTest.php" line="277" assertions="2" time="0.019858"/>
    </testsuite>
    <testsuite name="Icecave\Overpass\Amqp\PubSub\DeclarationManagerTest" file="/home/travis/build/IcecaveStudios/overpass/test/suite/Amqp/PubSub/DeclarationManagerTest.php" tests="4" assertions="8" failures="0" errors="0" time="0.032691">
      <testcase name="testExchange" class="Icecave\Overpass\Amqp\PubSub\DeclarationManagerTest" file="/home/travis/build/IcecaveStudios/overpass/test/suite/Amqp/PubSub/DeclarationManagerTest.php" line="21" assertions="2" time="0.008522"/>
      <testcase name="testExchangeDeclaresOnce" class="Icecave\Overpass\Amqp\PubSub\DeclarationManagerTest" file="/home/travis/build/IcecaveStudios/overpass/test/suite/Amqp/PubSub/DeclarationManagerTest.php" line="39" assertions="2" time="0.007541"/>
      <testcase name="testQueue" class="Icecave\Overpass\Amqp\PubSub\DeclarationManagerTest" file="/home/travis/build/IcecaveStudios/overpass/test/suite/Amqp/PubSub/DeclarationManagerTest.php" line="53" assertions="2" time="0.008342"/>
      <testcase name="testQueueDeclaresOnce" class="Icecave\Overpass\Amqp\PubSub\DeclarationManagerTest" file="/home/travis/build/IcecaveStudios/overpass/test/suite/Amqp/PubSub/DeclarationManagerTest.php" line="70" assertions="2" time="0.008286"/>
    </testsuite>
    <testsuite name="Icecave\Overpass\Amqp\Rpc\AmqpRpcClientTest" file="/home/travis/build/IcecaveStudios/overpass/test/suite/Amqp/Rpc/AmqpRpcClientTest.php" tests="11" assertions="27" failures="0" errors="0" time="0.219882">
      <testcase name="testInvoke" class="Icecave\Overpass\Amqp\Rpc\AmqpRpcClientTest" file="/home/travis/build/IcecaveStudios/overpass/test/suite/Amqp/Rpc/AmqpRpcClientTest.php" line="97" assertions="6" time="0.043561"/>
      <testcase name="testInvokeIgnoresPreviousResponses" class="Icecave\Overpass\Amqp\Rpc\AmqpRpcClientTest" file="/home/travis/build/IcecaveStudios/overpass/test/suite/Amqp/Rpc/AmqpRpcClientTest.php" line="147" assertions="3" time="0.020031"/>
      <testcase name="testInvokeFailsWithFutureResponses" class="Icecave\Overpass\Amqp\Rpc\AmqpRpcClientTest" file="/home/travis/build/IcecaveStudios/overpass/test/suite/Amqp/Rpc/AmqpRpcClientTest.php" line="196" assertions="2" time="0.015267"/>
      <testcase name="testInvokeInitializesOnce" class="Icecave\Overpass\Amqp\Rpc\AmqpRpcClientTest" file="/home/travis/build/IcecaveStudios/overpass/test/suite/Amqp/Rpc/AmqpRpcClientTest.php" line="221" assertions="1" time="0.022217"/>
      <testcase name="testInvokeLogging" class="Icecave\Overpass\Amqp\Rpc\AmqpRpcClientTest" file="/home/travis/build/IcecaveStudios/overpass/test/suite/Amqp/Rpc/AmqpRpcClientTest.php" line="231" assertions="3" time="0.023372"/>
      <testcase name="testInvokeLoggingWithTimeout" class="Icecave\Overpass\Amqp\Rpc\AmqpRpcClientTest" file="/home/travis/build/IcecaveStudios/overpass/test/suite/Amqp/Rpc/AmqpRpcClientTest.php" line="268" assertions="2" time="0.018479"/>
      <testcase name="testInvokeWithAmqpTimeout" class="Icecave\Overpass\Amqp\Rpc\AmqpRpcClientTest" file="/home/travis/build/IcecaveStudios/overpass/test/suite/Amqp/Rpc/AmqpRpcClientTest.php" line="298" assertions="1" time="0.015121"/>
      <testcase name="testInvokeWithElapsedTimeTimeout" class="Icecave\Overpass\Amqp\Rpc\AmqpRpcClientTest" file="/home/travis/build/IcecaveStudios/overpass/test/suite/Amqp/Rpc/AmqpRpcClientTest.php" line="313" assertions="4" time="0.027066"/>
      <testcase name="testCallMagicMethod" class="Icecave\Overpass\Amqp\Rpc\AmqpRpcClientTest" file="/home/travis/build/IcecaveStudios/overpass/test/suite/Amqp/Rpc/AmqpRpcClientTest.php" line="350" assertions="1" time="0.015913"/>
      <testcase name="testSetTimeout" class="Icecave\Overpass\Amqp\Rpc\AmqpRpcClientTest" file="/home/travis/build/IcecaveStudios/overpass/test/suite/Amqp/Rpc/AmqpRpcClientTest.php" line="360" assertions="2" time="0.009283"/>
      <testcase name="testSetTimeoutFailure" class="Icecave\Overpass\Amqp\Rpc\AmqpRpcClientTest" file="/home/travis/build/IcecaveStudios/overpass/test/suite/Amqp/Rpc/AmqpRpcClientTest.php" line="375" assertions="2" time="0.009572"/>
    </testsuite>
    <testsuite name="Icecave\Overpass\Amqp\Rpc\AmqpRpcServerTest" file="/home/travis/build/IcecaveStudios/overpass/test/suite/Amqp/Rpc/AmqpRpcServerTest.php" tests="15" assertions="81" failures="0" errors="0" time="0.589383">
      <testcase name="testExposeWhileRunning" class="Icecave\Overpass\Amqp\Rpc\AmqpRpcServerTest" file="/home/travis/build/IcecaveStudios/overpass/test/suite/Amqp/Rpc/AmqpRpcServerTest.php" line="100" assertions="2" time="0.025775"/>
      <testcase name="testExposeObject" class="Icecave\Overpass\Amqp\Rpc\AmqpRpcServerTest" file="/home/travis/build/IcecaveStudios/overpass/test/suite/Amqp/Rpc/AmqpRpcServerTest.php" line="127" assertions="7" time="0.029459"/>
      <testcase name="testExposeObjectWithPrefix" class="Icecave\Overpass\Amqp\Rpc\AmqpRpcServerTest" file="/home/travis/build/IcecaveStudios/overpass/test/suite/Amqp/Rpc/AmqpRpcServerTest.php" line="169" assertions="2" time="0.019393"/>
      <testcase name="testRun" class="Icecave\Overpass\Amqp\Rpc\AmqpRpcServerTest" file="/home/travis/build/IcecaveStudios/overpass/test/suite/Amqp/Rpc/AmqpRpcServerTest.php" line="186" assertions="9" time="0.038080"/>
      <testcase name="testRunNoProcedures" class="Icecave\Overpass\Amqp\Rpc\AmqpRpcServerTest" file="/home/travis/build/IcecaveStudios/overpass/test/suite/Amqp/Rpc/AmqpRpcServerTest.php" line="233" assertions="3" time="0.018320"/>
      <testcase name="testStop" class="Icecave\Overpass\Amqp\Rpc\AmqpRpcServerTest" file="/home/travis/build/IcecaveStudios/overpass/test/suite/Amqp/Rpc/AmqpRpcServerTest.php" line="245" assertions="3" time="0.029714"/>
      <testcase name="testReceiveRequest" class="Icecave\Overpass\Amqp\Rpc\AmqpRpcServerTest" file="/home/travis/build/IcecaveStudios/overpass/test/suite/Amqp/Rpc/AmqpRpcServerTest.php" line="265" assertions="9" time="0.063654"/>
      <testcase name="testReceiveRequestWithArbitraryException" class="Icecave\Overpass\Amqp\Rpc\AmqpRpcServerTest" file="/home/travis/build/IcecaveStudios/overpass/test/suite/Amqp/Rpc/AmqpRpcServerTest.php" line="352" assertions="8" time="0.054471"/>
      <testcase name="testReceiveRequestWithArbitraryExceptionStopsServer" class="Icecave\Overpass\Amqp\Rpc\AmqpRpcServerTest" file="/home/travis/build/IcecaveStudios/overpass/test/suite/Amqp/Rpc/AmqpRpcServerTest.php" line="432" assertions="4" time="0.031542"/>
      <testcase name="testReceiveRequestWithCustomErrorHandlerThatCompletes" class="Icecave\Overpass\Amqp\Rpc\AmqpRpcServerTest" file="/home/travis/build/IcecaveStudios/overpass/test/suite/Amqp/Rpc/AmqpRpcServerTest.php" line="475" assertions="3" time="0.047183"/>
      <testcase name="testReceiveRequestWithCustomErrorHandlerThatThrowsError" class="Icecave\Overpass\Amqp\Rpc\AmqpRpcServerTest" file="/home/travis/build/IcecaveStudios/overpass/test/suite/Amqp/Rpc/AmqpRpcServerTest.php" line="536" assertions="5" time="0.033027"/>
      <testcase name="testReceiveRequestWithExecutionException" class="Icecave\Overpass\Amqp\Rpc\AmqpRpcServerTest" file="/home/travis/build/IcecaveStudios/overpass/test/suite/Amqp/Rpc/AmqpRpcServerTest.php" line="597" assertions="8" time="0.054675"/>
      <testcase name="testReceiveRequestWithInvalidMessage" class="Icecave\Overpass\Amqp\Rpc\AmqpRpcServerTest" file="/home/travis/build/IcecaveStudios/overpass/test/suite/Amqp/Rpc/AmqpRpcServerTest.php" line="676" assertions="8" time="0.061664"/>
      <testcase name="testReceiveRequestWithoutReplyQueue" class="Icecave\Overpass\Amqp\Rpc\AmqpRpcServerTest" file="/home/travis/build/IcecaveStudios/overpass/test/suite/Amqp/Rpc/AmqpRpcServerTest.php" line="755" assertions="6" time="0.034223"/>
      <testcase name="testReceiveRequestWithoutCorrelationId" class="Icecave\Overpass\Amqp\Rpc\AmqpRpcServerTest" file="/home/travis/build/IcecaveStudios/overpass/test/suite/Amqp/Rpc/AmqpRpcServerTest.php" line="817" assertions="4" time="0.048203"/>
    </testsuite>
    <testsuite name="Icecave\Overpass\Amqp\Rpc\DeclarationManagerTest" file="/home/travis/build/IcecaveStudios/overpass/test/suite/Amqp/Rpc/DeclarationManagerTest.php" tests="4" assertions="10" failures="0" errors="0" time="0.044014">
      <testcase name="testRequestQueue" class="Icecave\Overpass\Amqp\Rpc\DeclarationManagerTest" file="/home/travis/build/IcecaveStudios/overpass/test/suite/Amqp/Rpc/DeclarationManagerTest.php" line="29" assertions="4" time="0.015644"/>
      <testcase name="testRequestQueueDeclaresOnce" class="Icecave\Overpass\Amqp\Rpc\DeclarationManagerTest" file="/home/travis/build/IcecaveStudios/overpass/test/suite/Amqp/Rpc/DeclarationManagerTest.php" line="62" assertions="2" time="0.011061"/>
      <testcase name="testResponseQueue" class="Icecave\Overpass\Amqp\Rpc\DeclarationManagerTest" file="/home/travis/build/IcecaveStudios/overpass/test/suite/Amqp/Rpc/DeclarationManagerTest.php" line="76" assertions="2" time="0.009454"/>
      <testcase name="testResponseQueueDeclaresOnce" class="Icecave\Overpass\Amqp\Rpc\DeclarationManagerTest" file="/home/travis/build/IcecaveStudios/overpass/test/suite/Amqp/Rpc/DeclarationManagerTest.php" line="94" assertions="2" time="0.007855"/>
    </testsuite>
    <testsuite name="Icecave\Overpass\JobQueue\Job\JobSerializationTest" file="/home/travis/build/IcecaveStudios/overpass/test/suite/JobQueue/Job/JobSerializationTest.php" tests="7" assertions="12" failures="0" errors="0" time="0.040676">
      <testcase name="testSerializeJob" class="Icecave\Overpass\JobQueue\Job\JobSerializationTest" file="/home/travis/build/IcecaveStudios/overpass/test/suite/JobQueue/Job/JobSerializationTest.php" line="21" assertions="1" time="0.004909"/>
      <testcase name="testUnserializeJob" class="Icecave\Overpass\JobQueue\Job\JobSerializationTest" file="/home/travis/build/IcecaveStudios/overpass/test/suite/JobQueue/Job/JobSerializationTest.php" line="33" assertions="1" time="0.008883"/>
      <testsuite name="Icecave\Overpass\JobQueue\Job\JobSerializationTest::testUnserializeJobFailure" tests="5" assertions="10" failures="0" errors="0" time="0.026884">
        <testcase name="testUnserializeJobFailure with data set #0" assertions="2" time="0.005571"/>
        <testcase name="testUnserializeJobFailure with data set #1" assertions="2" time="0.005168"/>
        <testcase name="testUnserializeJobFailure with data set #2" assertions="2" time="0.005151"/>
        <testcase name="testUnserializeJobFailure with data set #3" assertions="2" time="0.005137"/>
        <testcase name="testUnserializeJobFailure with data set #4" assertions="2" time="0.005857"/>
      </testsuite>
    </testsuite>
    <testsuite name="Icecave\Overpass\JobQueue\Job\JobTest" file="/home/travis/build/IcecaveStudios/overpass/test/suite/JobQueue/Job/JobTest.php" tests="2" assertions="3" failures="0" errors="0" time="0.009444">
      <testcase name="testCreate" class="Icecave\Overpass\JobQueue\Job\JobTest" file="/home/travis/build/IcecaveStudios/overpass/test/suite/JobQueue/Job/JobTest.php" line="9" assertions="2" time="0.004763"/>
      <testcase name="testToString" class="Icecave\Overpass\JobQueue\Job\JobTest" file="/home/travis/build/IcecaveStudios/overpass/test/suite/JobQueue/Job/JobTest.php" line="24" assertions="1" time="0.004681"/>
    </testsuite>
    <testsuite name="Icecave\Overpass\Rpc\Exception\ExecutionExceptionTest" file="/home/travis/build/IcecaveStudios/overpass/test/suite/Rpc/Exception/ExecutionExceptionTest.php" tests="1" assertions="3" failures="0" errors="0" time="0.005831">
      <testcase name="testException" class="Icecave\Overpass\Rpc\Exception\ExecutionExceptionTest" file="/home/travis/build/IcecaveStudios/overpass/test/suite/Rpc/Exception/ExecutionExceptionTest.php" line="9" assertions="3" time="0.005831"/>
    </testsuite>
    <testsuite name="Icecave\Overpass\Rpc\Exception\InvalidMessageExceptionTest" file="/home/travis/build/IcecaveStudios/overpass/test/suite/Rpc/Exception/InvalidMessageExceptionTest.php" tests="1" assertions="3" failures="0" errors="0" time="0.005938">
      <testcase name="testException" class="Icecave\Overpass\Rpc\Exception\InvalidMessageExceptionTest" file="/home/travis/build/IcecaveStudios/overpass/test/suite/Rpc/Exception/InvalidMessageExceptionTest.php" line="9" assertions="3" time="0.005938"/>
    </testsuite>
    <testsuite name="Icecave\Overpass\Rpc\Exception\UnknownProcedureExceptionTest" file="/home/travis/build/IcecaveStudios/overpass/test/suite/Rpc/Exception/UnknownProcedureExceptionTest.php" tests="1" assertions="3" failures="0" errors="0" time="0.006185">
      <testcase name="testException" class="Icecave\Overpass\Rpc\Exception\UnknownProcedureExceptionTest" file="/home/travis/build/IcecaveStudios/overpass/test/suite/Rpc/Exception/UnknownProcedureExceptionTest.php" line="9" assertions="3" time="0.006185"/>
    </testsuite>
    <testsuite name="Icecave\Overpass\Rpc\InvokerTest" file="/home/travis/build/IcecaveStudios/overpass/test/suite/Rpc/InvokerTest.php" tests="26" assertions="27" failures="0" errors="0" time="0.205403">
      <testcase name="testInvokeWithClosure" class="Icecave\Overpass\Rpc\InvokerTest" file="/home/travis/build/IcecaveStudios/overpass/test/suite/Rpc/InvokerTest.php" line="20" assertions="1" time="0.009453"/>
      <testcase name="testInvokeWithFunction" class="Icecave\Overpass\Rpc\InvokerTest" file="/home/travis/build/IcecaveStudios/overpass/test/suite/Rpc/InvokerTest.php" line="35" assertions="1" time="0.007341"/>
      <testcase name="testInvokeWithMethodAsArray" class="Icecave\Overpass\Rpc\InvokerTest" file="/home/travis/build/IcecaveStudios/overpass/test/suite/Rpc/InvokerTest.php" line="48" assertions="1" time="0.007262"/>
      <testcase name="testInvokeWithMethodAsString" class="Icecave\Overpass\Rpc\InvokerTest" file="/home/travis/build/IcecaveStudios/overpass/test/suite/Rpc/InvokerTest.php" line="63" assertions="1" time="0.008059"/>
      <testcase name="testInvokeWithProcedureThatThrowsArbitraryException" class="Icecave\Overpass\Rpc\InvokerTest" file="/home/travis/build/IcecaveStudios/overpass/test/suite/Rpc/InvokerTest.php" line="78" assertions="2" time="0.005198"/>
      <testcase name="testInvokeWithProcedureThatThrowsExecutionException" class="Icecave\Overpass\Rpc\InvokerTest" file="/home/travis/build/IcecaveStudios/overpass/test/suite/Rpc/InvokerTest.php" line="95" assertions="1" time="0.007932"/>
      <testsuite name="Icecave\Overpass\Rpc\InvokerTest::testInvokeArgumentChecking" tests="11" assertions="11" failures="0" errors="0" time="0.082995">
        <testcase name="testInvokeArgumentChecking with data set &quot;arity&quot;" assertions="1" time="0.007675"/>
        <testcase name="testInvokeArgumentChecking with data set &quot;arity (var args)&quot;" assertions="1" time="0.007436"/>
        <testcase name="testInvokeArgumentChecking with data set &quot;array type hint&quot;" assertions="1" time="0.007354"/>
        <testcase name="testInvokeArgumentChecking with data set &quot;array type hint (nullable)&quot;" assertions="1" time="0.007498"/>
        <testcase name="testInvokeArgumentChecking with data set &quot;array type hint (nullable + with null)&quot;" assertions="1" time="0.007393"/>
        <testcase name="testInvokeArgumentChecking with data set &quot;callable type hint&quot;" assertions="1" time="0.007338"/>
        <testcase name="testInvokeArgumentChecking with data set &quot;callable type hint (nullable)&quot;" assertions="1" time="0.007898"/>
        <testcase name="testInvokeArgumentChecking with data set &quot;callable type hint (nullable + with null)&quot;" assertions="1" time="0.008178"/>
        <testcase name="testInvokeArgumentChecking with data set &quot;class type hint&quot;" assertions="1" time="0.007481"/>
        <testcase name="testInvokeArgumentChecking with data set &quot;class type hint (nullable)&quot;" assertions="1" time="0.007391"/>
        <testcase name="testInvokeArgumentChecking with data set &quot;class type hint (nullable + with null)&quot;" assertions="1" time="0.007352"/>
      </testsuite>
      <testsuite name="Icecave\Overpass\Rpc\InvokerTest::testInvokeArgumentCheckingFailure" tests="9" assertions="9" failures="0" errors="0" time="0.077163">
        <testcase name="testInvokeArgumentCheckingFailure with data set &quot;arity&quot;" assertions="1" time="0.009371"/>
        <testcase name="testInvokeArgumentCheckingFailure with data set &quot;array type hint&quot;" assertions="1" time="0.008466"/>
        <testcase name="testInvokeArgumentCheckingFailure with data set &quot;array type hint (nullable)&quot;" assertions="1" time="0.008275"/>
        <testcase name="testInvokeArgumentCheckingFailure with data set &quot;callable type hint&quot;" assertions="1" time="0.008241"/>
        <testcase name="testInvokeArgumentCheckingFailure with data set &quot;callable type hint (nullable)&quot;" assertions="1" time="0.008336"/>
        <testcase name="testInvokeArgumentCheckingFailure with data set &quot;class type hint&quot;" assertions="1" time="0.009169"/>
        <testcase name="testInvokeArgumentCheckingFailure with data set &quot;class type hint (nullable)&quot;" assertions="1" time="0.008591"/>
        <testcase name="testInvokeArgumentCheckingFailure with data set &quot;class type hint (other class)&quot;" assertions="1" time="0.008439"/>
        <testcase name="testInvokeArgumentCheckingFailure with data set &quot;class type hint (nullable + other class)&quot;" assertions="1" time="0.008275"/>
      </testsuite>
    </testsuite>
    <testsuite name="Icecave\Overpass\Rpc\Message\MessageSerializationTest" file="/home/travis/build/IcecaveStudios/overpass/test/suite/Rpc/Message/MessageSerializationTest.php" tests="16" assertions="28" failures="0" errors="0" time="0.102600">
      <testcase name="testSerializeRequest" class="Icecave\Overpass\Rpc\Message\MessageSerializationTest" file="/home/travis/build/IcecaveStudios/overpass/test/suite/Rpc/Message/MessageSerializationTest.php" line="23" assertions="1" time="0.005360"/>
      <testcase name="testSerializeResponse" class="Icecave\Overpass\Rpc\Message\MessageSerializationTest" file="/home/travis/build/IcecaveStudios/overpass/test/suite/Rpc/Message/MessageSerializationTest.php" line="35" assertions="1" time="0.005370"/>
      <testcase name="testUnserializeRequest" class="Icecave\Overpass\Rpc\Message\MessageSerializationTest" file="/home/travis/build/IcecaveStudios/overpass/test/suite/Rpc/Message/MessageSerializationTest.php" line="47" assertions="1" time="0.009400"/>
      <testsuite name="Icecave\Overpass\Rpc\Message\MessageSerializationTest::testUnserializeRequestFailure" tests="6" assertions="12" failures="0" errors="0" time="0.036381">
        <testcase name="testUnserializeRequestFailure with data set #0" assertions="2" time="0.006145"/>
        <testcase name="testUnserializeRequestFailure with data set #1" assertions="2" time="0.005987"/>
        <testcase name="testUnserializeRequestFailure with data set #2" assertions="2" time="0.006002"/>
        <testcase name="testUnserializeRequestFailure with data set #3" assertions="2" time="0.006421"/>
        <testcase name="testUnserializeRequestFailure with data set #4" assertions="2" time="0.005964"/>
        <testcase name="testUnserializeRequestFailure with data set #5" assertions="2" time="0.005862"/>
      </testsuite>
      <testcase name="testUnserializeResponse" class="Icecave\Overpass\Rpc\Message\MessageSerializationTest" file="/home/travis/build/IcecaveStudios/overpass/test/suite/Rpc/Message/MessageSerializationTest.php" line="86" assertions="1" time="0.007600"/>
      <testsuite name="Icecave\Overpass\Rpc\Message\MessageSerializationTest::testUnserializeResponseFailure" tests="6" assertions="12" failures="0" errors="0" time="0.038489">
        <testcase name="testUnserializeResponseFailure with data set #0" assertions="2" time="0.005936"/>
        <testcase name="testUnserializeResponseFailure with data set #1" assertions="2" time="0.005957"/>
        <testcase name="testUnserializeResponseFailure with data set #2" assertions="2" time="0.005915"/>
        <testcase name="testUnserializeResponseFailure with data set #3" assertions="2" time="0.005881"/>
        <testcase name="testUnserializeResponseFailure with data set #4" assertions="2" time="0.007712"/>
        <testcase name="testUnserializeResponseFailure with data set #5" assertions="2" time="0.007088"/>
      </testsuite>
    </testsuite>
    <testsuite name="Icecave\Overpass\Rpc\Message\RequestTest" file="/home/travis/build/IcecaveStudios/overpass/test/suite/Rpc/Message/RequestTest.php" tests="2" assertions="3" failures="0" errors="0" time="0.011034">
      <testcase name="testCreate" class="Icecave\Overpass\Rpc\Message\RequestTest" file="/home/travis/build/IcecaveStudios/overpass/test/suite/Rpc/Message/RequestTest.php" line="8" assertions="2" time="0.005744"/>
      <testcase name="testToString" class="Icecave\Overpass\Rpc\Message\RequestTest" file="/home/travis/build/IcecaveStudios/overpass/test/suite/Rpc/Message/RequestTest.php" line="23" assertions="1" time="0.005290"/>
    </testsuite>
    <testsuite name="Icecave\Overpass\Rpc\Message\ResponseTest" file="/home/travis/build/IcecaveStudios/overpass/test/suite/Rpc/Message/ResponseTest.php" tests="10" assertions="17" failures="0" errors="0" time="0.059851">
      <testcase name="testCreate" class="Icecave\Overpass\Rpc\Message\ResponseTest" file="/home/travis/build/IcecaveStudios/overpass/test/suite/Rpc/Message/ResponseTest.php" line="13" assertions="2" time="0.005199"/>
      <testcase name="testCreateFromValue" class="Icecave\Overpass\Rpc\Message\ResponseTest" file="/home/travis/build/IcecaveStudios/overpass/test/suite/Rpc/Message/ResponseTest.php" line="31" assertions="2" time="0.005385"/>
      <testcase name="testCreateFromException" class="Icecave\Overpass\Rpc\Message\ResponseTest" file="/home/travis/build/IcecaveStudios/overpass/test/suite/Rpc/Message/ResponseTest.php" line="46" assertions="2" time="0.006100"/>
      <testcase name="testCreateFromExceptionWithUnknownException" class="Icecave\Overpass\Rpc\Message\ResponseTest" file="/home/travis/build/IcecaveStudios/overpass/test/suite/Rpc/Message/ResponseTest.php" line="63" assertions="2" time="0.006330"/>
      <testcase name="testExtract" class="Icecave\Overpass\Rpc\Message\ResponseTest" file="/home/travis/build/IcecaveStudios/overpass/test/suite/Rpc/Message/ResponseTest.php" line="80" assertions="1" time="0.005489"/>
      <testsuite name="Icecave\Overpass\Rpc\Message\ResponseTest::testExtractWithException" tests="3" assertions="6" failures="0" errors="0" time="0.020198">
        <testcase name="testExtractWithException with data set #0" assertions="2" time="0.007094"/>
        <testcase name="testExtractWithException with data set #1" assertions="2" time="0.006397"/>
        <testcase name="testExtractWithException with data set #2" assertions="2" time="0.006707"/>
      </testsuite>
      <testcase name="testToString" class="Icecave\Overpass\Rpc\Message\ResponseTest" file="/home/travis/build/IcecaveStudios/overpass/test/suite/Rpc/Message/ResponseTest.php" line="114" assertions="1" time="0.005456"/>
      <testcase name="testToStringWithException" class="Icecave\Overpass\Rpc\Message\ResponseTest" file="/home/travis/build/IcecaveStudios/overpass/test/suite/Rpc/Message/ResponseTest.php" line="124" assertions="1" time="0.005694"/>
    </testsuite>
    <testsuite name="Icecave\Overpass\Serialization\JsonSerializationTest" file="/home/travis/build/IcecaveStudios/overpass/test/suite/Serialization/JsonSerializationTest.php" tests="6" assertions="10" failures="0" errors="0" time="0.030311">
      <testcase name="testSerialize" class="Icecave\Overpass\Serialization\JsonSerializationTest" file="/home/travis/build/IcecaveStudios/overpass/test/suite/Serialization/JsonSerializationTest.php" line="14" assertions="1" time="0.005001"/>
      <testcase name="testSerializeWithInvalidPayload" class="Icecave\Overpass\Serialization\JsonSerializationTest" file="/home/travis/build/IcecaveStudios/overpass/test/suite/Serialization/JsonSerializationTest.php" line="22" assertions="2" time="0.005113"/>
      <testcase name="testSerializeFailure" class="Icecave\Overpass\Serialization\JsonSerializationTest" file="/home/travis/build/IcecaveStudios/overpass/test/suite/Serialization/JsonSerializationTest.php" line="34" assertions="2" time="0.005176"/>
      <testcase name="testUnserialize" class="Icecave\Overpass\Serialization\JsonSerializationTest" file="/home/travis/build/IcecaveStudios/overpass/test/suite/Serialization/JsonSerializationTest.php" line="46" assertions="1" time="0.004813"/>
      <testcase name="testUnserializeNull" class="Icecave\Overpass\Serialization\JsonSerializationTest" file="/home/travis/build/IcecaveStudios/overpass/test/suite/Serialization/JsonSerializationTest.php" line="54" assertions="2" time="0.005129"/>
      <testcase name="testUnserializeFailure" class="Icecave\Overpass\Serialization\JsonSerializationTest" file="/home/travis/build/IcecaveStudios/overpass/test/suite/Serialization/JsonSerializationTest.php" line="64" assertions="2" time="0.005079"/>
    </testsuite>
  </testsuite>
</testsuites>
